2025-05-22T12:38:56.412+03:00  INFO 18936 --- [main] c.e.taskmanager.TaskManagerApplication   : Starting TaskManagerApplication using Java 23.0.1 with PID 18936 (C:\Users\neko1\IdeaProjects\un-practice\target\classes started by neko1 in C:\Users\neko1\IdeaProjects\un-practice)
2025-05-22T12:38:56.415+03:00  INFO 18936 --- [main] c.e.taskmanager.TaskManagerApplication   : No active profile set, falling back to 1 default profile: "default"
2025-05-22T12:38:57.432+03:00  INFO 18936 --- [main] .s.d.r.c.RepositoryConfigurationDelegate : Bootstrapping Spring Data JPA repositories in DEFAULT mode.
2025-05-22T12:38:57.505+03:00  INFO 18936 --- [main] .s.d.r.c.RepositoryConfigurationDelegate : Finished Spring Data repository scanning in 63 ms. Found 2 JPA repository interfaces.
2025-05-22T12:38:58.048+03:00  INFO 18936 --- [main] o.s.b.w.embedded.tomcat.TomcatWebServer  : Tomcat initialized with port 8080 (http)
2025-05-22T12:38:58.062+03:00  INFO 18936 --- [main] o.apache.catalina.core.StandardService   : Starting service [Tomcat]
2025-05-22T12:38:58.063+03:00  INFO 18936 --- [main] o.apache.catalina.core.StandardEngine    : Starting Servlet engine: [Apache Tomcat/10.1.40]
2025-05-22T12:38:58.119+03:00  INFO 18936 --- [main] o.a.c.c.C.[Tomcat].[localhost].[/]       : Initializing Spring embedded WebApplicationContext
2025-05-22T12:38:58.119+03:00  INFO 18936 --- [main] w.s.c.ServletWebServerApplicationContext : Root WebApplicationContext: initialization completed in 1614 ms
2025-05-22T12:38:58.295+03:00  INFO 18936 --- [main] o.hibernate.jpa.internal.util.LogHelper  : HHH000204: Processing PersistenceUnitInfo [name: default]
2025-05-22T12:38:58.367+03:00  INFO 18936 --- [main] org.hibernate.Version                    : HHH000412: Hibernate ORM core version 6.6.13.Final
2025-05-22T12:38:58.404+03:00  INFO 18936 --- [main] o.h.c.internal.RegionFactoryInitiator    : HHH000026: Second-level cache disabled
2025-05-22T12:38:58.751+03:00  INFO 18936 --- [main] o.s.o.j.p.SpringPersistenceUnitInfo      : No LoadTimeWeaver setup: ignoring JPA class transformer
2025-05-22T12:38:58.785+03:00  INFO 18936 --- [main] com.zaxxer.hikari.HikariDataSource       : HikariPool-1 - Starting...
2025-05-22T12:38:59.150+03:00  INFO 18936 --- [main] com.zaxxer.hikari.pool.HikariPool        : HikariPool-1 - Added connection org.postgresql.jdbc.PgConnection@64910b2d
2025-05-22T12:38:59.151+03:00  INFO 18936 --- [main] com.zaxxer.hikari.HikariDataSource       : HikariPool-1 - Start completed.
2025-05-22T12:38:59.273+03:00  INFO 18936 --- [main] org.hibernate.orm.connections.pooling    : HHH10001005: Database info:
	Database JDBC URL [Connecting through datasource 'HikariDataSource (HikariPool-1)']
	Database driver: undefined/unknown
	Database version: 17.0
	Autocommit mode: undefined/unknown
	Isolation level: undefined/unknown
	Minimum pool size: undefined/unknown
	Maximum pool size: undefined/unknown
2025-05-22T12:39:00.868+03:00  INFO 18936 --- [main] o.h.e.t.j.p.i.JtaPlatformInitiator       : HHH000489: No JTA platform available (set 'hibernate.transaction.jta.platform' to enable JTA platform integration)
2025-05-22T12:39:01.153+03:00  INFO 18936 --- [main] j.LocalContainerEntityManagerFactoryBean : Initialized JPA EntityManagerFactory for persistence unit 'default'
2025-05-22T12:39:01.549+03:00  INFO 18936 --- [main] eAuthenticationProviderManagerConfigurer : Global AuthenticationManager configured with AuthenticationProvider bean with name authenticationProvider
2025-05-22T12:39:01.549+03:00  WARN 18936 --- [main] r$InitializeUserDetailsManagerConfigurer : Global AuthenticationManager configured with an AuthenticationProvider bean. UserDetailsService beans will not be used by Spring Security for automatically configuring username/password login. Consider removing the AuthenticationProvider bean. Alternatively, consider using the UserDetailsService in a manually instantiated DaoAuthenticationProvider. If the current configuration is intentional, to turn off this warning, increase the logging level of 'org.springframework.security.config.annotation.authentication.configuration.InitializeUserDetailsBeanManagerConfigurer' to ERROR
2025-05-22T12:39:01.567+03:00  WARN 18936 --- [main] JpaBaseConfiguration$JpaWebConfiguration : spring.jpa.open-in-view is enabled by default. Therefore, database queries may be performed during view rendering. Explicitly configure spring.jpa.open-in-view to disable this warning
2025-05-22T12:39:01.903+03:00 DEBUG 18936 --- [main] o.s.s.web.DefaultSecurityFilterChain     : Will secure any request with filters: DisableEncodeUrlFilter, WebAsyncManagerIntegrationFilter, SecurityContextHolderFilter, HeaderWriterFilter, LogoutFilter, UsernamePasswordAuthenticationFilter, RequestCacheAwareFilter, SecurityContextHolderAwareRequestFilter, AnonymousAuthenticationFilter, ExceptionTranslationFilter, AuthorizationFilter
2025-05-22T12:39:02.179+03:00  INFO 18936 --- [main] o.s.b.w.embedded.tomcat.TomcatWebServer  : Tomcat started on port 8080 (http) with context path '/'
2025-05-22T12:39:02.187+03:00  INFO 18936 --- [main] c.e.taskmanager.TaskManagerApplication   : Started TaskManagerApplication in 6.495 seconds (process running for 7.674)
2025-05-22T12:39:13.484+03:00  INFO 18936 --- [http-nio-8080-exec-2] o.a.c.c.C.[Tomcat].[localhost].[/]       : Initializing Spring DispatcherServlet 'dispatcherServlet'
2025-05-22T12:39:13.484+03:00  INFO 18936 --- [http-nio-8080-exec-2] o.s.web.servlet.DispatcherServlet        : Initializing Servlet 'dispatcherServlet'
2025-05-22T12:39:13.486+03:00  INFO 18936 --- [http-nio-8080-exec-2] o.s.web.servlet.DispatcherServlet        : Completed initialization in 2 ms
2025-05-22T12:39:13.511+03:00 DEBUG 18936 --- [http-nio-8080-exec-2] o.s.security.web.FilterChainProxy        : Securing GET /register
2025-05-22T12:39:13.519+03:00 DEBUG 18936 --- [http-nio-8080-exec-2] o.s.security.web.FilterChainProxy        : Secured GET /register
2025-05-22T12:39:13.541+03:00 DEBUG 18936 --- [http-nio-8080-exec-2] o.s.s.w.a.AnonymousAuthenticationFilter  : Set SecurityContextHolder to anonymous SecurityContext
2025-05-22T12:39:13.550+03:00 DEBUG 18936 --- [http-nio-8080-exec-1] o.s.security.web.FilterChainProxy        : Securing GET /register.html
2025-05-22T12:39:13.551+03:00 DEBUG 18936 --- [http-nio-8080-exec-1] o.s.security.web.FilterChainProxy        : Secured GET /register.html
2025-05-22T12:39:13.563+03:00 DEBUG 18936 --- [http-nio-8080-exec-1] o.s.s.w.a.AnonymousAuthenticationFilter  : Set SecurityContextHolder to anonymous SecurityContext
2025-05-22T12:39:13.653+03:00 DEBUG 18936 --- [http-nio-8080-exec-3] o.s.security.web.FilterChainProxy        : Securing GET /css/register.css
2025-05-22T12:39:13.656+03:00 DEBUG 18936 --- [http-nio-8080-exec-3] o.s.security.web.FilterChainProxy        : Secured GET /css/register.css
2025-05-22T12:39:13.658+03:00 DEBUG 18936 --- [http-nio-8080-exec-5] o.s.security.web.FilterChainProxy        : Securing GET /image/friends.svg
2025-05-22T12:39:13.658+03:00 DEBUG 18936 --- [http-nio-8080-exec-4] o.s.security.web.FilterChainProxy        : Securing GET /image/logo.svg
2025-05-22T12:39:13.659+03:00 DEBUG 18936 --- [http-nio-8080-exec-4] o.s.security.web.FilterChainProxy        : Secured GET /image/logo.svg
2025-05-22T12:39:13.659+03:00 DEBUG 18936 --- [http-nio-8080-exec-5] o.s.security.web.FilterChainProxy        : Secured GET /image/friends.svg
2025-05-22T12:39:13.663+03:00 DEBUG 18936 --- [http-nio-8080-exec-3] o.s.s.w.a.AnonymousAuthenticationFilter  : Set SecurityContextHolder to anonymous SecurityContext
2025-05-22T12:39:13.671+03:00 DEBUG 18936 --- [http-nio-8080-exec-4] o.s.s.w.a.AnonymousAuthenticationFilter  : Set SecurityContextHolder to anonymous SecurityContext
2025-05-22T12:39:13.671+03:00 DEBUG 18936 --- [http-nio-8080-exec-5] o.s.s.w.a.AnonymousAuthenticationFilter  : Set SecurityContextHolder to anonymous SecurityContext
2025-05-22T12:39:13.764+03:00 DEBUG 18936 --- [http-nio-8080-exec-6] o.s.security.web.FilterChainProxy        : Securing GET /image/profile.svg
2025-05-22T12:39:13.765+03:00 DEBUG 18936 --- [http-nio-8080-exec-6] o.s.security.web.FilterChainProxy        : Secured GET /image/profile.svg
2025-05-22T12:39:13.769+03:00 DEBUG 18936 --- [http-nio-8080-exec-7] o.s.security.web.FilterChainProxy        : Securing GET /register.html
2025-05-22T12:39:13.770+03:00 DEBUG 18936 --- [http-nio-8080-exec-7] o.s.security.web.FilterChainProxy        : Secured GET /register.html
2025-05-22T12:39:13.773+03:00 DEBUG 18936 --- [http-nio-8080-exec-6] o.s.s.w.a.AnonymousAuthenticationFilter  : Set SecurityContextHolder to anonymous SecurityContext
2025-05-22T12:39:13.774+03:00 DEBUG 18936 --- [http-nio-8080-exec-7] o.s.s.w.a.AnonymousAuthenticationFilter  : Set SecurityContextHolder to anonymous SecurityContext
2025-05-22T12:39:13.795+03:00 DEBUG 18936 --- [http-nio-8080-exec-8] o.s.security.web.FilterChainProxy        : Securing GET /front/fonts/Montserrat-ExtraLight.ttf
2025-05-22T12:39:13.797+03:00 DEBUG 18936 --- [http-nio-8080-exec-8] o.s.security.web.FilterChainProxy        : Secured GET /front/fonts/Montserrat-ExtraLight.ttf
2025-05-22T12:39:13.805+03:00 DEBUG 18936 --- [http-nio-8080-exec-9] o.s.security.web.FilterChainProxy        : Securing GET /front/fonts/Montserrat-Medium.ttf
2025-05-22T12:39:13.806+03:00 DEBUG 18936 --- [http-nio-8080-exec-9] o.s.security.web.FilterChainProxy        : Secured GET /front/fonts/Montserrat-Medium.ttf
2025-05-22T12:39:13.819+03:00 DEBUG 18936 --- [http-nio-8080-exec-8] o.s.s.w.a.AnonymousAuthenticationFilter  : Set SecurityContextHolder to anonymous SecurityContext
2025-05-22T12:39:13.819+03:00 DEBUG 18936 --- [http-nio-8080-exec-9] o.s.s.w.a.AnonymousAuthenticationFilter  : Set SecurityContextHolder to anonymous SecurityContext
2025-05-22T12:39:13.826+03:00 DEBUG 18936 --- [http-nio-8080-exec-9] o.s.security.web.FilterChainProxy        : Securing GET /error
2025-05-22T12:39:13.826+03:00 DEBUG 18936 --- [http-nio-8080-exec-8] o.s.security.web.FilterChainProxy        : Securing GET /error
2025-05-22T12:39:13.826+03:00 DEBUG 18936 --- [http-nio-8080-exec-8] o.s.s.w.a.AnonymousAuthenticationFilter  : Set SecurityContextHolder to anonymous SecurityContext
2025-05-22T12:39:13.826+03:00 DEBUG 18936 --- [http-nio-8080-exec-9] o.s.s.w.a.AnonymousAuthenticationFilter  : Set SecurityContextHolder to anonymous SecurityContext
2025-05-22T12:39:13.846+03:00 DEBUG 18936 --- [http-nio-8080-exec-8] o.s.s.w.s.HttpSessionRequestCache        : Saved request http://localhost:8080/error?continue to session
2025-05-22T12:39:13.846+03:00 DEBUG 18936 --- [http-nio-8080-exec-9] o.s.s.w.s.HttpSessionRequestCache        : Saved request http://localhost:8080/error?continue to session
2025-05-22T12:39:13.847+03:00 DEBUG 18936 --- [http-nio-8080-exec-9] o.s.s.web.DefaultRedirectStrategy        : Redirecting to http://localhost:8080/login.html
2025-05-22T12:39:13.847+03:00 DEBUG 18936 --- [http-nio-8080-exec-8] o.s.s.web.DefaultRedirectStrategy        : Redirecting to http://localhost:8080/login.html
2025-05-22T12:39:13.957+03:00 DEBUG 18936 --- [http-nio-8080-exec-2] o.s.security.web.FilterChainProxy        : Securing GET /front/fonts/Montserrat-Regular.ttf
2025-05-22T12:39:13.957+03:00 DEBUG 18936 --- [http-nio-8080-exec-10] o.s.security.web.FilterChainProxy        : Securing GET /login.html
2025-05-22T12:39:13.958+03:00 DEBUG 18936 --- [http-nio-8080-exec-2] o.s.security.web.FilterChainProxy        : Secured GET /front/fonts/Montserrat-Regular.ttf
2025-05-22T12:39:13.958+03:00 DEBUG 18936 --- [http-nio-8080-exec-10] o.s.security.web.FilterChainProxy        : Secured GET /login.html
2025-05-22T12:39:13.960+03:00 DEBUG 18936 --- [http-nio-8080-exec-2] o.s.s.w.a.AnonymousAuthenticationFilter  : Set SecurityContextHolder to anonymous SecurityContext
2025-05-22T12:39:13.960+03:00 DEBUG 18936 --- [http-nio-8080-exec-2] o.s.security.web.FilterChainProxy        : Securing GET /error
2025-05-22T12:39:13.960+03:00 DEBUG 18936 --- [http-nio-8080-exec-2] o.s.s.w.a.AnonymousAuthenticationFilter  : Set SecurityContextHolder to anonymous SecurityContext
2025-05-22T12:39:13.961+03:00 DEBUG 18936 --- [http-nio-8080-exec-10] o.s.s.w.a.AnonymousAuthenticationFilter  : Set SecurityContextHolder to anonymous SecurityContext
2025-05-22T12:39:13.961+03:00 DEBUG 18936 --- [http-nio-8080-exec-2] o.s.s.w.s.HttpSessionRequestCache        : Saved request http://localhost:8080/error?continue to session
2025-05-22T12:39:13.961+03:00 DEBUG 18936 --- [http-nio-8080-exec-2] o.s.s.web.DefaultRedirectStrategy        : Redirecting to http://localhost:8080/login.html
2025-05-22T12:39:13.962+03:00 DEBUG 18936 --- [http-nio-8080-exec-1] o.s.security.web.FilterChainProxy        : Securing GET /login.html
2025-05-22T12:39:13.963+03:00 DEBUG 18936 --- [http-nio-8080-exec-1] o.s.security.web.FilterChainProxy        : Secured GET /login.html
2025-05-22T12:39:13.965+03:00 DEBUG 18936 --- [http-nio-8080-exec-1] o.s.s.w.a.AnonymousAuthenticationFilter  : Set SecurityContextHolder to anonymous SecurityContext
2025-05-22T12:39:13.966+03:00 DEBUG 18936 --- [http-nio-8080-exec-3] o.s.security.web.FilterChainProxy        : Securing GET /login.html
2025-05-22T12:39:13.967+03:00 DEBUG 18936 --- [http-nio-8080-exec-3] o.s.security.web.FilterChainProxy        : Secured GET /login.html
2025-05-22T12:39:13.969+03:00 DEBUG 18936 --- [http-nio-8080-exec-3] o.s.s.w.a.AnonymousAuthenticationFilter  : Set SecurityContextHolder to anonymous SecurityContext
2025-05-22T12:39:17.381+03:00 DEBUG 18936 --- [http-nio-8080-exec-8] o.s.security.web.FilterChainProxy        : Securing GET /login
2025-05-22T12:39:17.381+03:00 DEBUG 18936 --- [http-nio-8080-exec-8] o.s.security.web.FilterChainProxy        : Secured GET /login
2025-05-22T12:39:17.384+03:00 DEBUG 18936 --- [http-nio-8080-exec-8] o.s.s.w.a.AnonymousAuthenticationFilter  : Set SecurityContextHolder to anonymous SecurityContext
2025-05-22T12:39:17.397+03:00 DEBUG 18936 --- [http-nio-8080-exec-9] o.s.security.web.FilterChainProxy        : Securing GET /login.html
2025-05-22T12:39:17.398+03:00 DEBUG 18936 --- [http-nio-8080-exec-9] o.s.security.web.FilterChainProxy        : Secured GET /login.html
2025-05-22T12:39:17.404+03:00 DEBUG 18936 --- [http-nio-8080-exec-9] o.s.s.w.a.AnonymousAuthenticationFilter  : Set SecurityContextHolder to anonymous SecurityContext
2025-05-22T12:39:18.164+03:00 DEBUG 18936 --- [http-nio-8080-exec-10] o.s.security.web.FilterChainProxy        : Securing GET /css/login.css
2025-05-22T12:39:18.166+03:00 DEBUG 18936 --- [http-nio-8080-exec-10] o.s.security.web.FilterChainProxy        : Secured GET /css/login.css
2025-05-22T12:39:18.173+03:00 DEBUG 18936 --- [http-nio-8080-exec-2] o.s.security.web.FilterChainProxy        : Securing GET /image/logo.svg
2025-05-22T12:39:18.173+03:00 DEBUG 18936 --- [http-nio-8080-exec-1] o.s.security.web.FilterChainProxy        : Securing GET /image/friends.svg
2025-05-22T12:39:18.174+03:00 DEBUG 18936 --- [http-nio-8080-exec-1] o.s.security.web.FilterChainProxy        : Secured GET /image/friends.svg
2025-05-22T12:39:18.174+03:00 DEBUG 18936 --- [http-nio-8080-exec-2] o.s.security.web.FilterChainProxy        : Secured GET /image/logo.svg
2025-05-22T12:39:18.175+03:00 DEBUG 18936 --- [http-nio-8080-exec-10] o.s.s.w.a.AnonymousAuthenticationFilter  : Set SecurityContextHolder to anonymous SecurityContext
2025-05-22T12:39:18.179+03:00 DEBUG 18936 --- [http-nio-8080-exec-1] o.s.s.w.a.AnonymousAuthenticationFilter  : Set SecurityContextHolder to anonymous SecurityContext
2025-05-22T12:39:18.180+03:00 DEBUG 18936 --- [http-nio-8080-exec-2] o.s.s.w.a.AnonymousAuthenticationFilter  : Set SecurityContextHolder to anonymous SecurityContext
2025-05-22T12:39:18.187+03:00 DEBUG 18936 --- [http-nio-8080-exec-3] o.s.security.web.FilterChainProxy        : Securing GET /image/profile.svg
2025-05-22T12:39:18.188+03:00 DEBUG 18936 --- [http-nio-8080-exec-3] o.s.security.web.FilterChainProxy        : Secured GET /image/profile.svg
2025-05-22T12:39:18.193+03:00 DEBUG 18936 --- [http-nio-8080-exec-6] o.s.security.web.FilterChainProxy        : Securing GET /login.html
2025-05-22T12:39:18.195+03:00 DEBUG 18936 --- [http-nio-8080-exec-6] o.s.security.web.FilterChainProxy        : Secured GET /login.html
2025-05-22T12:39:18.196+03:00 DEBUG 18936 --- [http-nio-8080-exec-3] o.s.s.w.a.AnonymousAuthenticationFilter  : Set SecurityContextHolder to anonymous SecurityContext
2025-05-22T12:39:18.202+03:00 DEBUG 18936 --- [http-nio-8080-exec-6] o.s.s.w.a.AnonymousAuthenticationFilter  : Set SecurityContextHolder to anonymous SecurityContext
2025-05-22T12:39:18.236+03:00 DEBUG 18936 --- [http-nio-8080-exec-4] o.s.security.web.FilterChainProxy        : Securing GET /front/fonts/Montserrat-Medium.ttf
2025-05-22T12:39:18.236+03:00 DEBUG 18936 --- [http-nio-8080-exec-4] o.s.security.web.FilterChainProxy        : Secured GET /front/fonts/Montserrat-Medium.ttf
2025-05-22T12:39:18.237+03:00 DEBUG 18936 --- [http-nio-8080-exec-5] o.s.security.web.FilterChainProxy        : Securing GET /front/fonts/Montserrat-ExtraLight.ttf
2025-05-22T12:39:18.237+03:00 DEBUG 18936 --- [http-nio-8080-exec-5] o.s.security.web.FilterChainProxy        : Secured GET /front/fonts/Montserrat-ExtraLight.ttf
2025-05-22T12:39:18.239+03:00 DEBUG 18936 --- [http-nio-8080-exec-7] o.s.security.web.FilterChainProxy        : Securing GET /front/fonts/Montserrat-Regular.ttf
2025-05-22T12:39:18.239+03:00 DEBUG 18936 --- [http-nio-8080-exec-7] o.s.security.web.FilterChainProxy        : Secured GET /front/fonts/Montserrat-Regular.ttf
2025-05-22T12:39:18.247+03:00 DEBUG 18936 --- [http-nio-8080-exec-5] o.s.s.w.a.AnonymousAuthenticationFilter  : Set SecurityContextHolder to anonymous SecurityContext
2025-05-22T12:39:18.247+03:00 DEBUG 18936 --- [http-nio-8080-exec-7] o.s.s.w.a.AnonymousAuthenticationFilter  : Set SecurityContextHolder to anonymous SecurityContext
2025-05-22T12:39:18.247+03:00 DEBUG 18936 --- [http-nio-8080-exec-4] o.s.s.w.a.AnonymousAuthenticationFilter  : Set SecurityContextHolder to anonymous SecurityContext
2025-05-22T12:39:18.248+03:00 DEBUG 18936 --- [http-nio-8080-exec-7] o.s.security.web.FilterChainProxy        : Securing GET /error
2025-05-22T12:39:18.248+03:00 DEBUG 18936 --- [http-nio-8080-exec-5] o.s.security.web.FilterChainProxy        : Securing GET /error
2025-05-22T12:39:18.248+03:00 DEBUG 18936 --- [http-nio-8080-exec-4] o.s.security.web.FilterChainProxy        : Securing GET /error
2025-05-22T12:39:18.248+03:00 DEBUG 18936 --- [http-nio-8080-exec-4] o.s.s.w.a.AnonymousAuthenticationFilter  : Set SecurityContextHolder to anonymous SecurityContext
2025-05-22T12:39:18.248+03:00 DEBUG 18936 --- [http-nio-8080-exec-7] o.s.s.w.a.AnonymousAuthenticationFilter  : Set SecurityContextHolder to anonymous SecurityContext
2025-05-22T12:39:18.249+03:00 DEBUG 18936 --- [http-nio-8080-exec-7] o.s.s.w.s.HttpSessionRequestCache        : Saved request http://localhost:8080/error?continue to session
2025-05-22T12:39:18.249+03:00 DEBUG 18936 --- [http-nio-8080-exec-5] o.s.s.w.a.AnonymousAuthenticationFilter  : Set SecurityContextHolder to anonymous SecurityContext
2025-05-22T12:39:18.250+03:00 DEBUG 18936 --- [http-nio-8080-exec-7] o.s.s.web.DefaultRedirectStrategy        : Redirecting to http://localhost:8080/login.html
2025-05-22T12:39:18.249+03:00 DEBUG 18936 --- [http-nio-8080-exec-4] o.s.s.w.s.HttpSessionRequestCache        : Saved request http://localhost:8080/error?continue to session
2025-05-22T12:39:18.250+03:00 DEBUG 18936 --- [http-nio-8080-exec-4] o.s.s.web.DefaultRedirectStrategy        : Redirecting to http://localhost:8080/login.html
2025-05-22T12:39:18.250+03:00 DEBUG 18936 --- [http-nio-8080-exec-5] o.s.s.w.s.HttpSessionRequestCache        : Saved request http://localhost:8080/error?continue to session
2025-05-22T12:39:18.250+03:00 DEBUG 18936 --- [http-nio-8080-exec-5] o.s.s.web.DefaultRedirectStrategy        : Redirecting to http://localhost:8080/login.html
2025-05-22T12:39:18.257+03:00 DEBUG 18936 --- [http-nio-8080-exec-8] o.s.security.web.FilterChainProxy        : Securing GET /login.html
2025-05-22T12:39:18.260+03:00 DEBUG 18936 --- [http-nio-8080-exec-8] o.s.security.web.FilterChainProxy        : Secured GET /login.html
2025-05-22T12:39:18.265+03:00 DEBUG 18936 --- [http-nio-8080-exec-8] o.s.s.w.a.AnonymousAuthenticationFilter  : Set SecurityContextHolder to anonymous SecurityContext
2025-05-22T12:39:18.274+03:00 DEBUG 18936 --- [http-nio-8080-exec-9] o.s.security.web.FilterChainProxy        : Securing GET /login.html
2025-05-22T12:39:18.275+03:00 DEBUG 18936 --- [http-nio-8080-exec-9] o.s.security.web.FilterChainProxy        : Secured GET /login.html
2025-05-22T12:39:18.284+03:00 DEBUG 18936 --- [http-nio-8080-exec-9] o.s.s.w.a.AnonymousAuthenticationFilter  : Set SecurityContextHolder to anonymous SecurityContext
2025-05-22T12:39:18.287+03:00 DEBUG 18936 --- [http-nio-8080-exec-9] o.s.security.web.FilterChainProxy        : Securing GET /login.html
2025-05-22T12:39:18.287+03:00 DEBUG 18936 --- [http-nio-8080-exec-9] o.s.security.web.FilterChainProxy        : Secured GET /login.html
2025-05-22T12:39:18.296+03:00 DEBUG 18936 --- [http-nio-8080-exec-9] o.s.s.w.a.AnonymousAuthenticationFilter  : Set SecurityContextHolder to anonymous SecurityContext
2025-05-22T12:39:21.049+03:00 DEBUG 18936 --- [http-nio-8080-exec-1] o.s.security.web.FilterChainProxy        : Securing POST /login
2025-05-22T12:39:21.321+03:00 DEBUG 18936 --- [http-nio-8080-exec-1] org.hibernate.SQL                        : 
    select
        u1_0.id,
        u1_0.full_name,
        u1_0.password,
        u1_0.username 
    from
        users u1_0 
    where
        u1_0.username=?
2025-05-22T12:39:21.445+03:00 DEBUG 18936 --- [http-nio-8080-exec-1] o.s.s.a.dao.DaoAuthenticationProvider    : Authenticated user
2025-05-22T12:39:21.446+03:00 DEBUG 18936 --- [http-nio-8080-exec-1] .s.ChangeSessionIdAuthenticationStrategy : Changed session id from 3CB8F451FAE1AD94FD2E5193D11F2AC1
2025-05-22T12:39:21.446+03:00 DEBUG 18936 --- [http-nio-8080-exec-1] w.c.HttpSessionSecurityContextRepository : Stored SecurityContextImpl [Authentication=UsernamePasswordAuthenticationToken [Principal=org.springframework.security.core.userdetails.User [Username=Alia, Password=[PROTECTED], Enabled=true, AccountNonExpired=true, CredentialsNonExpired=true, AccountNonLocked=true, Granted Authorities=[]], Credentials=[PROTECTED], Authenticated=true, Details=WebAuthenticationDetails [RemoteIpAddress=0:0:0:0:0:0:0:1, SessionId=3CB8F451FAE1AD94FD2E5193D11F2AC1], Granted Authorities=[]]] to HttpSession [org.apache.catalina.session.StandardSessionFacade@16aa27ea]
2025-05-22T12:39:21.447+03:00 DEBUG 18936 --- [http-nio-8080-exec-1] w.a.UsernamePasswordAuthenticationFilter : Set SecurityContextHolder to UsernamePasswordAuthenticationToken [Principal=org.springframework.security.core.userdetails.User [Username=Alia, Password=[PROTECTED], Enabled=true, AccountNonExpired=true, CredentialsNonExpired=true, AccountNonLocked=true, Granted Authorities=[]], Credentials=[PROTECTED], Authenticated=true, Details=WebAuthenticationDetails [RemoteIpAddress=0:0:0:0:0:0:0:1, SessionId=3CB8F451FAE1AD94FD2E5193D11F2AC1], Granted Authorities=[]]
2025-05-22T12:39:21.447+03:00 DEBUG 18936 --- [http-nio-8080-exec-1] o.s.s.web.DefaultRedirectStrategy        : Redirecting to /
2025-05-22T12:39:21.458+03:00 DEBUG 18936 --- [http-nio-8080-exec-2] o.s.security.web.FilterChainProxy        : Securing GET /
2025-05-22T12:39:21.459+03:00 DEBUG 18936 --- [http-nio-8080-exec-2] o.s.security.web.FilterChainProxy        : Secured GET /
2025-05-22T12:39:21.460+03:00 DEBUG 18936 --- [http-nio-8080-exec-2] w.c.HttpSessionSecurityContextRepository : Retrieved SecurityContextImpl [Authentication=UsernamePasswordAuthenticationToken [Principal=org.springframework.security.core.userdetails.User [Username=Alia, Password=[PROTECTED], Enabled=true, AccountNonExpired=true, CredentialsNonExpired=true, AccountNonLocked=true, Granted Authorities=[]], Credentials=[PROTECTED], Authenticated=true, Details=WebAuthenticationDetails [RemoteIpAddress=0:0:0:0:0:0:0:1, SessionId=3CB8F451FAE1AD94FD2E5193D11F2AC1], Granted Authorities=[]]]
2025-05-22T12:39:21.461+03:00 DEBUG 18936 --- [http-nio-8080-exec-2] o.s.security.web.FilterChainProxy        : Securing GET /error
2025-05-22T12:39:21.462+03:00 DEBUG 18936 --- [http-nio-8080-exec-2] w.c.HttpSessionSecurityContextRepository : Retrieved SecurityContextImpl [Authentication=UsernamePasswordAuthenticationToken [Principal=org.springframework.security.core.userdetails.User [Username=Alia, Password=[PROTECTED], Enabled=true, AccountNonExpired=true, CredentialsNonExpired=true, AccountNonLocked=true, Granted Authorities=[]], Credentials=[PROTECTED], Authenticated=true, Details=WebAuthenticationDetails [RemoteIpAddress=0:0:0:0:0:0:0:1, SessionId=3CB8F451FAE1AD94FD2E5193D11F2AC1], Granted Authorities=[]]]
2025-05-22T12:39:21.462+03:00 DEBUG 18936 --- [http-nio-8080-exec-2] o.s.security.web.FilterChainProxy        : Secured GET /error
2025-05-22T12:39:21.653+03:00 DEBUG 18936 --- [http-nio-8080-exec-3] o.s.security.web.FilterChainProxy        : Securing GET /
2025-05-22T12:39:21.653+03:00 DEBUG 18936 --- [http-nio-8080-exec-3] o.s.security.web.FilterChainProxy        : Secured GET /
2025-05-22T12:39:21.654+03:00 DEBUG 18936 --- [http-nio-8080-exec-3] w.c.HttpSessionSecurityContextRepository : Retrieved SecurityContextImpl [Authentication=UsernamePasswordAuthenticationToken [Principal=org.springframework.security.core.userdetails.User [Username=Alia, Password=[PROTECTED], Enabled=true, AccountNonExpired=true, CredentialsNonExpired=true, AccountNonLocked=true, Granted Authorities=[]], Credentials=[PROTECTED], Authenticated=true, Details=WebAuthenticationDetails [RemoteIpAddress=0:0:0:0:0:0:0:1, SessionId=3CB8F451FAE1AD94FD2E5193D11F2AC1], Granted Authorities=[]]]
2025-05-22T12:39:21.656+03:00 DEBUG 18936 --- [http-nio-8080-exec-3] o.s.security.web.FilterChainProxy        : Securing GET /error
2025-05-22T12:39:21.657+03:00 DEBUG 18936 --- [http-nio-8080-exec-3] w.c.HttpSessionSecurityContextRepository : Retrieved SecurityContextImpl [Authentication=UsernamePasswordAuthenticationToken [Principal=org.springframework.security.core.userdetails.User [Username=Alia, Password=[PROTECTED], Enabled=true, AccountNonExpired=true, CredentialsNonExpired=true, AccountNonLocked=true, Granted Authorities=[]], Credentials=[PROTECTED], Authenticated=true, Details=WebAuthenticationDetails [RemoteIpAddress=0:0:0:0:0:0:0:1, SessionId=3CB8F451FAE1AD94FD2E5193D11F2AC1], Granted Authorities=[]]]
2025-05-22T12:39:21.659+03:00 DEBUG 18936 --- [http-nio-8080-exec-3] o.s.security.web.FilterChainProxy        : Secured GET /error
2025-05-22T12:47:20.775+03:00 DEBUG 18936 --- [http-nio-8080-exec-10] o.s.security.web.FilterChainProxy        : Securing GET /register.html?error=usernameExists
2025-05-22T12:47:20.973+03:00 DEBUG 18936 --- [http-nio-8080-exec-10] o.s.security.web.FilterChainProxy        : Secured GET /register.html?error=usernameExists
2025-05-22T12:47:21.069+03:00 DEBUG 18936 --- [http-nio-8080-exec-10] w.c.HttpSessionSecurityContextRepository : Retrieved SecurityContextImpl [Authentication=UsernamePasswordAuthenticationToken [Principal=org.springframework.security.core.userdetails.User [Username=Alia, Password=[PROTECTED], Enabled=true, AccountNonExpired=true, CredentialsNonExpired=true, AccountNonLocked=true, Granted Authorities=[]], Credentials=[PROTECTED], Authenticated=true, Details=WebAuthenticationDetails [RemoteIpAddress=0:0:0:0:0:0:0:1, SessionId=3CB8F451FAE1AD94FD2E5193D11F2AC1], Granted Authorities=[]]]
2025-05-22T12:47:21.125+03:00 DEBUG 18936 --- [http-nio-8080-exec-9] o.s.security.web.FilterChainProxy        : Securing GET /css/register.css
2025-05-22T12:47:21.126+03:00 DEBUG 18936 --- [http-nio-8080-exec-9] o.s.security.web.FilterChainProxy        : Secured GET /css/register.css
2025-05-22T12:47:21.129+03:00 DEBUG 18936 --- [http-nio-8080-exec-1] o.s.security.web.FilterChainProxy        : Securing GET /image/logo.svg
2025-05-22T12:47:21.130+03:00 DEBUG 18936 --- [http-nio-8080-exec-1] o.s.security.web.FilterChainProxy        : Secured GET /image/logo.svg
2025-05-22T12:47:21.133+03:00 DEBUG 18936 --- [http-nio-8080-exec-2] o.s.security.web.FilterChainProxy        : Securing GET /image/friends.svg
2025-05-22T12:47:21.134+03:00 DEBUG 18936 --- [http-nio-8080-exec-2] o.s.security.web.FilterChainProxy        : Secured GET /image/friends.svg
2025-05-22T12:47:21.135+03:00 DEBUG 18936 --- [http-nio-8080-exec-9] w.c.HttpSessionSecurityContextRepository : Retrieved SecurityContextImpl [Authentication=UsernamePasswordAuthenticationToken [Principal=org.springframework.security.core.userdetails.User [Username=Alia, Password=[PROTECTED], Enabled=true, AccountNonExpired=true, CredentialsNonExpired=true, AccountNonLocked=true, Granted Authorities=[]], Credentials=[PROTECTED], Authenticated=true, Details=WebAuthenticationDetails [RemoteIpAddress=0:0:0:0:0:0:0:1, SessionId=3CB8F451FAE1AD94FD2E5193D11F2AC1], Granted Authorities=[]]]
2025-05-22T12:47:21.136+03:00 DEBUG 18936 --- [http-nio-8080-exec-1] w.c.HttpSessionSecurityContextRepository : Retrieved SecurityContextImpl [Authentication=UsernamePasswordAuthenticationToken [Principal=org.springframework.security.core.userdetails.User [Username=Alia, Password=[PROTECTED], Enabled=true, AccountNonExpired=true, CredentialsNonExpired=true, AccountNonLocked=true, Granted Authorities=[]], Credentials=[PROTECTED], Authenticated=true, Details=WebAuthenticationDetails [RemoteIpAddress=0:0:0:0:0:0:0:1, SessionId=3CB8F451FAE1AD94FD2E5193D11F2AC1], Granted Authorities=[]]]
2025-05-22T12:47:21.148+03:00 DEBUG 18936 --- [http-nio-8080-exec-2] w.c.HttpSessionSecurityContextRepository : Retrieved SecurityContextImpl [Authentication=UsernamePasswordAuthenticationToken [Principal=org.springframework.security.core.userdetails.User [Username=Alia, Password=[PROTECTED], Enabled=true, AccountNonExpired=true, CredentialsNonExpired=true, AccountNonLocked=true, Granted Authorities=[]], Credentials=[PROTECTED], Authenticated=true, Details=WebAuthenticationDetails [RemoteIpAddress=0:0:0:0:0:0:0:1, SessionId=3CB8F451FAE1AD94FD2E5193D11F2AC1], Granted Authorities=[]]]
2025-05-22T12:47:21.212+03:00 DEBUG 18936 --- [http-nio-8080-exec-7] o.s.security.web.FilterChainProxy        : Securing GET /front/fonts/Montserrat-Medium.ttf
2025-05-22T12:47:21.214+03:00 DEBUG 18936 --- [http-nio-8080-exec-7] o.s.security.web.FilterChainProxy        : Secured GET /front/fonts/Montserrat-Medium.ttf
2025-05-22T12:47:21.214+03:00 DEBUG 18936 --- [http-nio-8080-exec-3] o.s.security.web.FilterChainProxy        : Securing GET /image/profile.svg
2025-05-22T12:47:21.215+03:00 DEBUG 18936 --- [http-nio-8080-exec-3] o.s.security.web.FilterChainProxy        : Secured GET /image/profile.svg
2025-05-22T12:47:21.216+03:00 DEBUG 18936 --- [http-nio-8080-exec-4] o.s.security.web.FilterChainProxy        : Securing GET /front/fonts/Montserrat-ExtraLight.ttf
2025-05-22T12:47:21.224+03:00 DEBUG 18936 --- [http-nio-8080-exec-4] o.s.security.web.FilterChainProxy        : Secured GET /front/fonts/Montserrat-ExtraLight.ttf
2025-05-22T12:47:21.229+03:00 DEBUG 18936 --- [http-nio-8080-exec-3] w.c.HttpSessionSecurityContextRepository : Retrieved SecurityContextImpl [Authentication=UsernamePasswordAuthenticationToken [Principal=org.springframework.security.core.userdetails.User [Username=Alia, Password=[PROTECTED], Enabled=true, AccountNonExpired=true, CredentialsNonExpired=true, AccountNonLocked=true, Granted Authorities=[]], Credentials=[PROTECTED], Authenticated=true, Details=WebAuthenticationDetails [RemoteIpAddress=0:0:0:0:0:0:0:1, SessionId=3CB8F451FAE1AD94FD2E5193D11F2AC1], Granted Authorities=[]]]
2025-05-22T12:47:21.249+03:00 DEBUG 18936 --- [http-nio-8080-exec-5] o.s.security.web.FilterChainProxy        : Securing GET /front/fonts/Montserrat-Regular.ttf
2025-05-22T12:47:21.250+03:00 DEBUG 18936 --- [http-nio-8080-exec-5] o.s.security.web.FilterChainProxy        : Secured GET /front/fonts/Montserrat-Regular.ttf
2025-05-22T12:47:21.284+03:00 DEBUG 18936 --- [http-nio-8080-exec-6] o.s.security.web.FilterChainProxy        : Securing GET /register.html?error=usernameExists
2025-05-22T12:47:21.287+03:00 DEBUG 18936 --- [http-nio-8080-exec-6] o.s.security.web.FilterChainProxy        : Secured GET /register.html?error=usernameExists
2025-05-22T12:47:21.292+03:00 DEBUG 18936 --- [http-nio-8080-exec-6] w.c.HttpSessionSecurityContextRepository : Retrieved SecurityContextImpl [Authentication=UsernamePasswordAuthenticationToken [Principal=org.springframework.security.core.userdetails.User [Username=Alia, Password=[PROTECTED], Enabled=true, AccountNonExpired=true, CredentialsNonExpired=true, AccountNonLocked=true, Granted Authorities=[]], Credentials=[PROTECTED], Authenticated=true, Details=WebAuthenticationDetails [RemoteIpAddress=0:0:0:0:0:0:0:1, SessionId=3CB8F451FAE1AD94FD2E5193D11F2AC1], Granted Authorities=[]]]
2025-05-22T12:47:21.327+03:00 DEBUG 18936 --- [http-nio-8080-exec-7] w.c.HttpSessionSecurityContextRepository : Retrieved SecurityContextImpl [Authentication=UsernamePasswordAuthenticationToken [Principal=org.springframework.security.core.userdetails.User [Username=Alia, Password=[PROTECTED], Enabled=true, AccountNonExpired=true, CredentialsNonExpired=true, AccountNonLocked=true, Granted Authorities=[]], Credentials=[PROTECTED], Authenticated=true, Details=WebAuthenticationDetails [RemoteIpAddress=0:0:0:0:0:0:0:1, SessionId=3CB8F451FAE1AD94FD2E5193D11F2AC1], Granted Authorities=[]]]
2025-05-22T12:47:21.329+03:00 DEBUG 18936 --- [http-nio-8080-exec-5] w.c.HttpSessionSecurityContextRepository : Retrieved SecurityContextImpl [Authentication=UsernamePasswordAuthenticationToken [Principal=org.springframework.security.core.userdetails.User [Username=Alia, Password=[PROTECTED], Enabled=true, AccountNonExpired=true, CredentialsNonExpired=true, AccountNonLocked=true, Granted Authorities=[]], Credentials=[PROTECTED], Authenticated=true, Details=WebAuthenticationDetails [RemoteIpAddress=0:0:0:0:0:0:0:1, SessionId=3CB8F451FAE1AD94FD2E5193D11F2AC1], Granted Authorities=[]]]
2025-05-22T12:47:21.329+03:00 DEBUG 18936 --- [http-nio-8080-exec-4] w.c.HttpSessionSecurityContextRepository : Retrieved SecurityContextImpl [Authentication=UsernamePasswordAuthenticationToken [Principal=org.springframework.security.core.userdetails.User [Username=Alia, Password=[PROTECTED], Enabled=true, AccountNonExpired=true, CredentialsNonExpired=true, AccountNonLocked=true, Granted Authorities=[]], Credentials=[PROTECTED], Authenticated=true, Details=WebAuthenticationDetails [RemoteIpAddress=0:0:0:0:0:0:0:1, SessionId=3CB8F451FAE1AD94FD2E5193D11F2AC1], Granted Authorities=[]]]
2025-05-22T12:47:21.336+03:00 DEBUG 18936 --- [http-nio-8080-exec-5] o.s.security.web.FilterChainProxy        : Securing GET /error
2025-05-22T12:47:21.336+03:00 DEBUG 18936 --- [http-nio-8080-exec-4] o.s.security.web.FilterChainProxy        : Securing GET /error
2025-05-22T12:47:21.336+03:00 DEBUG 18936 --- [http-nio-8080-exec-7] o.s.security.web.FilterChainProxy        : Securing GET /error
2025-05-22T12:47:21.337+03:00 DEBUG 18936 --- [http-nio-8080-exec-5] w.c.HttpSessionSecurityContextRepository : Retrieved SecurityContextImpl [Authentication=UsernamePasswordAuthenticationToken [Principal=org.springframework.security.core.userdetails.User [Username=Alia, Password=[PROTECTED], Enabled=true, AccountNonExpired=true, CredentialsNonExpired=true, AccountNonLocked=true, Granted Authorities=[]], Credentials=[PROTECTED], Authenticated=true, Details=WebAuthenticationDetails [RemoteIpAddress=0:0:0:0:0:0:0:1, SessionId=3CB8F451FAE1AD94FD2E5193D11F2AC1], Granted Authorities=[]]]
2025-05-22T12:47:21.337+03:00 DEBUG 18936 --- [http-nio-8080-exec-4] w.c.HttpSessionSecurityContextRepository : Retrieved SecurityContextImpl [Authentication=UsernamePasswordAuthenticationToken [Principal=org.springframework.security.core.userdetails.User [Username=Alia, Password=[PROTECTED], Enabled=true, AccountNonExpired=true, CredentialsNonExpired=true, AccountNonLocked=true, Granted Authorities=[]], Credentials=[PROTECTED], Authenticated=true, Details=WebAuthenticationDetails [RemoteIpAddress=0:0:0:0:0:0:0:1, SessionId=3CB8F451FAE1AD94FD2E5193D11F2AC1], Granted Authorities=[]]]
2025-05-22T12:47:21.337+03:00 DEBUG 18936 --- [http-nio-8080-exec-7] w.c.HttpSessionSecurityContextRepository : Retrieved SecurityContextImpl [Authentication=UsernamePasswordAuthenticationToken [Principal=org.springframework.security.core.userdetails.User [Username=Alia, Password=[PROTECTED], Enabled=true, AccountNonExpired=true, CredentialsNonExpired=true, AccountNonLocked=true, Granted Authorities=[]], Credentials=[PROTECTED], Authenticated=true, Details=WebAuthenticationDetails [RemoteIpAddress=0:0:0:0:0:0:0:1, SessionId=3CB8F451FAE1AD94FD2E5193D11F2AC1], Granted Authorities=[]]]
2025-05-22T12:47:21.338+03:00 DEBUG 18936 --- [http-nio-8080-exec-4] o.s.security.web.FilterChainProxy        : Secured GET /error
2025-05-22T12:47:21.338+03:00 DEBUG 18936 --- [http-nio-8080-exec-7] o.s.security.web.FilterChainProxy        : Secured GET /error
2025-05-22T12:47:21.338+03:00 DEBUG 18936 --- [http-nio-8080-exec-5] o.s.security.web.FilterChainProxy        : Secured GET /error
2025-05-22T12:47:27.545+03:00 DEBUG 18936 --- [http-nio-8080-exec-3] o.s.security.web.FilterChainProxy        : Securing GET /login
2025-05-22T12:47:27.547+03:00 DEBUG 18936 --- [http-nio-8080-exec-3] o.s.security.web.FilterChainProxy        : Secured GET /login
2025-05-22T12:47:27.573+03:00 DEBUG 18936 --- [http-nio-8080-exec-3] w.c.HttpSessionSecurityContextRepository : Retrieved SecurityContextImpl [Authentication=UsernamePasswordAuthenticationToken [Principal=org.springframework.security.core.userdetails.User [Username=Alia, Password=[PROTECTED], Enabled=true, AccountNonExpired=true, CredentialsNonExpired=true, AccountNonLocked=true, Granted Authorities=[]], Credentials=[PROTECTED], Authenticated=true, Details=WebAuthenticationDetails [RemoteIpAddress=0:0:0:0:0:0:0:1, SessionId=3CB8F451FAE1AD94FD2E5193D11F2AC1], Granted Authorities=[]]]
2025-05-22T12:47:27.583+03:00 DEBUG 18936 --- [http-nio-8080-exec-6] o.s.security.web.FilterChainProxy        : Securing GET /login.html
2025-05-22T12:47:27.584+03:00 DEBUG 18936 --- [http-nio-8080-exec-6] o.s.security.web.FilterChainProxy        : Secured GET /login.html
2025-05-22T12:47:27.590+03:00 DEBUG 18936 --- [http-nio-8080-exec-6] w.c.HttpSessionSecurityContextRepository : Retrieved SecurityContextImpl [Authentication=UsernamePasswordAuthenticationToken [Principal=org.springframework.security.core.userdetails.User [Username=Alia, Password=[PROTECTED], Enabled=true, AccountNonExpired=true, CredentialsNonExpired=true, AccountNonLocked=true, Granted Authorities=[]], Credentials=[PROTECTED], Authenticated=true, Details=WebAuthenticationDetails [RemoteIpAddress=0:0:0:0:0:0:0:1, SessionId=3CB8F451FAE1AD94FD2E5193D11F2AC1], Granted Authorities=[]]]
2025-05-22T12:47:28.073+03:00 DEBUG 18936 --- [http-nio-8080-exec-4] o.s.security.web.FilterChainProxy        : Securing GET /css/login.css
2025-05-22T12:47:28.074+03:00 DEBUG 18936 --- [http-nio-8080-exec-4] o.s.security.web.FilterChainProxy        : Secured GET /css/login.css
2025-05-22T12:47:28.081+03:00 DEBUG 18936 --- [http-nio-8080-exec-4] w.c.HttpSessionSecurityContextRepository : Retrieved SecurityContextImpl [Authentication=UsernamePasswordAuthenticationToken [Principal=org.springframework.security.core.userdetails.User [Username=Alia, Password=[PROTECTED], Enabled=true, AccountNonExpired=true, CredentialsNonExpired=true, AccountNonLocked=true, Granted Authorities=[]], Credentials=[PROTECTED], Authenticated=true, Details=WebAuthenticationDetails [RemoteIpAddress=0:0:0:0:0:0:0:1, SessionId=3CB8F451FAE1AD94FD2E5193D11F2AC1], Granted Authorities=[]]]
2025-05-22T12:47:28.086+03:00 DEBUG 18936 --- [http-nio-8080-exec-4] o.s.security.web.FilterChainProxy        : Securing GET /image/logo.svg
2025-05-22T12:47:28.087+03:00 DEBUG 18936 --- [http-nio-8080-exec-4] o.s.security.web.FilterChainProxy        : Secured GET /image/logo.svg
2025-05-22T12:47:28.089+03:00 DEBUG 18936 --- [http-nio-8080-exec-5] o.s.security.web.FilterChainProxy        : Securing GET /image/friends.svg
2025-05-22T12:47:28.095+03:00 DEBUG 18936 --- [http-nio-8080-exec-4] w.c.HttpSessionSecurityContextRepository : Retrieved SecurityContextImpl [Authentication=UsernamePasswordAuthenticationToken [Principal=org.springframework.security.core.userdetails.User [Username=Alia, Password=[PROTECTED], Enabled=true, AccountNonExpired=true, CredentialsNonExpired=true, AccountNonLocked=true, Granted Authorities=[]], Credentials=[PROTECTED], Authenticated=true, Details=WebAuthenticationDetails [RemoteIpAddress=0:0:0:0:0:0:0:1, SessionId=3CB8F451FAE1AD94FD2E5193D11F2AC1], Granted Authorities=[]]]
2025-05-22T12:47:28.097+03:00 DEBUG 18936 --- [http-nio-8080-exec-2] o.s.security.web.FilterChainProxy        : Securing GET /login.html
2025-05-22T12:47:28.093+03:00 DEBUG 18936 --- [http-nio-8080-exec-5] o.s.security.web.FilterChainProxy        : Secured GET /image/friends.svg
2025-05-22T12:47:28.098+03:00 DEBUG 18936 --- [http-nio-8080-exec-2] o.s.security.web.FilterChainProxy        : Secured GET /login.html
2025-05-22T12:47:28.105+03:00 DEBUG 18936 --- [http-nio-8080-exec-1] o.s.security.web.FilterChainProxy        : Securing GET /image/profile.svg
2025-05-22T12:47:28.105+03:00 DEBUG 18936 --- [http-nio-8080-exec-1] o.s.security.web.FilterChainProxy        : Secured GET /image/profile.svg
2025-05-22T12:47:28.111+03:00 DEBUG 18936 --- [http-nio-8080-exec-5] w.c.HttpSessionSecurityContextRepository : Retrieved SecurityContextImpl [Authentication=UsernamePasswordAuthenticationToken [Principal=org.springframework.security.core.userdetails.User [Username=Alia, Password=[PROTECTED], Enabled=true, AccountNonExpired=true, CredentialsNonExpired=true, AccountNonLocked=true, Granted Authorities=[]], Credentials=[PROTECTED], Authenticated=true, Details=WebAuthenticationDetails [RemoteIpAddress=0:0:0:0:0:0:0:1, SessionId=3CB8F451FAE1AD94FD2E5193D11F2AC1], Granted Authorities=[]]]
2025-05-22T12:47:28.112+03:00 DEBUG 18936 --- [http-nio-8080-exec-2] w.c.HttpSessionSecurityContextRepository : Retrieved SecurityContextImpl [Authentication=UsernamePasswordAuthenticationToken [Principal=org.springframework.security.core.userdetails.User [Username=Alia, Password=[PROTECTED], Enabled=true, AccountNonExpired=true, CredentialsNonExpired=true, AccountNonLocked=true, Granted Authorities=[]], Credentials=[PROTECTED], Authenticated=true, Details=WebAuthenticationDetails [RemoteIpAddress=0:0:0:0:0:0:0:1, SessionId=3CB8F451FAE1AD94FD2E5193D11F2AC1], Granted Authorities=[]]]
2025-05-22T12:47:28.115+03:00 DEBUG 18936 --- [http-nio-8080-exec-1] w.c.HttpSessionSecurityContextRepository : Retrieved SecurityContextImpl [Authentication=UsernamePasswordAuthenticationToken [Principal=org.springframework.security.core.userdetails.User [Username=Alia, Password=[PROTECTED], Enabled=true, AccountNonExpired=true, CredentialsNonExpired=true, AccountNonLocked=true, Granted Authorities=[]], Credentials=[PROTECTED], Authenticated=true, Details=WebAuthenticationDetails [RemoteIpAddress=0:0:0:0:0:0:0:1, SessionId=3CB8F451FAE1AD94FD2E5193D11F2AC1], Granted Authorities=[]]]
2025-05-22T12:47:28.159+03:00 DEBUG 18936 --- [http-nio-8080-exec-8] o.s.security.web.FilterChainProxy        : Securing GET /front/fonts/Montserrat-Medium.ttf
2025-05-22T12:47:28.162+03:00 DEBUG 18936 --- [http-nio-8080-exec-8] o.s.security.web.FilterChainProxy        : Secured GET /front/fonts/Montserrat-Medium.ttf
2025-05-22T12:47:28.165+03:00 DEBUG 18936 --- [http-nio-8080-exec-10] o.s.security.web.FilterChainProxy        : Securing GET /front/fonts/Montserrat-ExtraLight.ttf
2025-05-22T12:47:28.165+03:00 DEBUG 18936 --- [http-nio-8080-exec-10] o.s.security.web.FilterChainProxy        : Secured GET /front/fonts/Montserrat-ExtraLight.ttf
2025-05-22T12:47:28.166+03:00 DEBUG 18936 --- [http-nio-8080-exec-9] o.s.security.web.FilterChainProxy        : Securing GET /front/fonts/Montserrat-Regular.ttf
2025-05-22T12:47:28.166+03:00 DEBUG 18936 --- [http-nio-8080-exec-9] o.s.security.web.FilterChainProxy        : Secured GET /front/fonts/Montserrat-Regular.ttf
2025-05-22T12:47:28.171+03:00 DEBUG 18936 --- [http-nio-8080-exec-10] w.c.HttpSessionSecurityContextRepository : Retrieved SecurityContextImpl [Authentication=UsernamePasswordAuthenticationToken [Principal=org.springframework.security.core.userdetails.User [Username=Alia, Password=[PROTECTED], Enabled=true, AccountNonExpired=true, CredentialsNonExpired=true, AccountNonLocked=true, Granted Authorities=[]], Credentials=[PROTECTED], Authenticated=true, Details=WebAuthenticationDetails [RemoteIpAddress=0:0:0:0:0:0:0:1, SessionId=3CB8F451FAE1AD94FD2E5193D11F2AC1], Granted Authorities=[]]]
2025-05-22T12:47:28.171+03:00 DEBUG 18936 --- [http-nio-8080-exec-8] w.c.HttpSessionSecurityContextRepository : Retrieved SecurityContextImpl [Authentication=UsernamePasswordAuthenticationToken [Principal=org.springframework.security.core.userdetails.User [Username=Alia, Password=[PROTECTED], Enabled=true, AccountNonExpired=true, CredentialsNonExpired=true, AccountNonLocked=true, Granted Authorities=[]], Credentials=[PROTECTED], Authenticated=true, Details=WebAuthenticationDetails [RemoteIpAddress=0:0:0:0:0:0:0:1, SessionId=3CB8F451FAE1AD94FD2E5193D11F2AC1], Granted Authorities=[]]]
2025-05-22T12:47:28.172+03:00 DEBUG 18936 --- [http-nio-8080-exec-10] o.s.security.web.FilterChainProxy        : Securing GET /error
2025-05-22T12:47:28.172+03:00 DEBUG 18936 --- [http-nio-8080-exec-8] o.s.security.web.FilterChainProxy        : Securing GET /error
2025-05-22T12:47:28.173+03:00 DEBUG 18936 --- [http-nio-8080-exec-9] w.c.HttpSessionSecurityContextRepository : Retrieved SecurityContextImpl [Authentication=UsernamePasswordAuthenticationToken [Principal=org.springframework.security.core.userdetails.User [Username=Alia, Password=[PROTECTED], Enabled=true, AccountNonExpired=true, CredentialsNonExpired=true, AccountNonLocked=true, Granted Authorities=[]], Credentials=[PROTECTED], Authenticated=true, Details=WebAuthenticationDetails [RemoteIpAddress=0:0:0:0:0:0:0:1, SessionId=3CB8F451FAE1AD94FD2E5193D11F2AC1], Granted Authorities=[]]]
2025-05-22T12:47:28.173+03:00 DEBUG 18936 --- [http-nio-8080-exec-10] w.c.HttpSessionSecurityContextRepository : Retrieved SecurityContextImpl [Authentication=UsernamePasswordAuthenticationToken [Principal=org.springframework.security.core.userdetails.User [Username=Alia, Password=[PROTECTED], Enabled=true, AccountNonExpired=true, CredentialsNonExpired=true, AccountNonLocked=true, Granted Authorities=[]], Credentials=[PROTECTED], Authenticated=true, Details=WebAuthenticationDetails [RemoteIpAddress=0:0:0:0:0:0:0:1, SessionId=3CB8F451FAE1AD94FD2E5193D11F2AC1], Granted Authorities=[]]]
2025-05-22T12:47:28.175+03:00 DEBUG 18936 --- [http-nio-8080-exec-8] w.c.HttpSessionSecurityContextRepository : Retrieved SecurityContextImpl [Authentication=UsernamePasswordAuthenticationToken [Principal=org.springframework.security.core.userdetails.User [Username=Alia, Password=[PROTECTED], Enabled=true, AccountNonExpired=true, CredentialsNonExpired=true, AccountNonLocked=true, Granted Authorities=[]], Credentials=[PROTECTED], Authenticated=true, Details=WebAuthenticationDetails [RemoteIpAddress=0:0:0:0:0:0:0:1, SessionId=3CB8F451FAE1AD94FD2E5193D11F2AC1], Granted Authorities=[]]]
2025-05-22T12:47:28.176+03:00 DEBUG 18936 --- [http-nio-8080-exec-10] o.s.security.web.FilterChainProxy        : Secured GET /error
2025-05-22T12:47:28.176+03:00 DEBUG 18936 --- [http-nio-8080-exec-8] o.s.security.web.FilterChainProxy        : Secured GET /error
2025-05-22T12:47:28.178+03:00 DEBUG 18936 --- [http-nio-8080-exec-9] o.s.security.web.FilterChainProxy        : Securing GET /error
2025-05-22T12:47:28.179+03:00 DEBUG 18936 --- [http-nio-8080-exec-9] w.c.HttpSessionSecurityContextRepository : Retrieved SecurityContextImpl [Authentication=UsernamePasswordAuthenticationToken [Principal=org.springframework.security.core.userdetails.User [Username=Alia, Password=[PROTECTED], Enabled=true, AccountNonExpired=true, CredentialsNonExpired=true, AccountNonLocked=true, Granted Authorities=[]], Credentials=[PROTECTED], Authenticated=true, Details=WebAuthenticationDetails [RemoteIpAddress=0:0:0:0:0:0:0:1, SessionId=3CB8F451FAE1AD94FD2E5193D11F2AC1], Granted Authorities=[]]]
2025-05-22T12:47:28.180+03:00 DEBUG 18936 --- [http-nio-8080-exec-9] o.s.security.web.FilterChainProxy        : Secured GET /error
2025-05-22T12:47:33.242+03:00  INFO 18936 --- [SpringApplicationShutdownHook] o.s.b.w.e.tomcat.GracefulShutdown        : Commencing graceful shutdown. Waiting for active requests to complete
2025-05-22T12:47:33.284+03:00  INFO 18936 --- [tomcat-shutdown] o.s.b.w.e.tomcat.GracefulShutdown        : Graceful shutdown complete
2025-05-22T12:47:33.337+03:00  INFO 18936 --- [SpringApplicationShutdownHook] j.LocalContainerEntityManagerFactoryBean : Closing JPA EntityManagerFactory for persistence unit 'default'
2025-05-22T12:47:33.405+03:00  INFO 18936 --- [SpringApplicationShutdownHook] com.zaxxer.hikari.HikariDataSource       : HikariPool-1 - Shutdown initiated...
2025-05-22T12:47:33.437+03:00  INFO 18936 --- [SpringApplicationShutdownHook] com.zaxxer.hikari.HikariDataSource       : HikariPool-1 - Shutdown completed.
2025-05-22T12:47:40.124+03:00  INFO 23204 --- [main] c.e.taskmanager.TaskManagerApplication   : Starting TaskManagerApplication using Java 23.0.1 with PID 23204 (C:\Users\neko1\IdeaProjects\un-practice\target\classes started by neko1 in C:\Users\neko1\IdeaProjects\un-practice)
2025-05-22T12:47:40.127+03:00  INFO 23204 --- [main] c.e.taskmanager.TaskManagerApplication   : No active profile set, falling back to 1 default profile: "default"
2025-05-22T12:47:40.851+03:00  INFO 23204 --- [main] .s.d.r.c.RepositoryConfigurationDelegate : Bootstrapping Spring Data JPA repositories in DEFAULT mode.
2025-05-22T12:47:40.907+03:00  INFO 23204 --- [main] .s.d.r.c.RepositoryConfigurationDelegate : Finished Spring Data repository scanning in 48 ms. Found 2 JPA repository interfaces.
2025-05-22T12:47:41.454+03:00  INFO 23204 --- [main] o.s.b.w.embedded.tomcat.TomcatWebServer  : Tomcat initialized with port 8080 (http)
2025-05-22T12:47:41.474+03:00  INFO 23204 --- [main] o.apache.catalina.core.StandardService   : Starting service [Tomcat]
2025-05-22T12:47:41.474+03:00  INFO 23204 --- [main] o.apache.catalina.core.StandardEngine    : Starting Servlet engine: [Apache Tomcat/10.1.40]
2025-05-22T12:47:41.536+03:00  INFO 23204 --- [main] o.a.c.c.C.[Tomcat].[localhost].[/]       : Initializing Spring embedded WebApplicationContext
2025-05-22T12:47:41.537+03:00  INFO 23204 --- [main] w.s.c.ServletWebServerApplicationContext : Root WebApplicationContext: initialization completed in 1335 ms
2025-05-22T12:47:41.731+03:00  INFO 23204 --- [main] o.hibernate.jpa.internal.util.LogHelper  : HHH000204: Processing PersistenceUnitInfo [name: default]
2025-05-22T12:47:41.792+03:00  INFO 23204 --- [main] org.hibernate.Version                    : HHH000412: Hibernate ORM core version 6.6.13.Final
2025-05-22T12:47:41.829+03:00  INFO 23204 --- [main] o.h.c.internal.RegionFactoryInitiator    : HHH000026: Second-level cache disabled
2025-05-22T12:47:42.133+03:00  INFO 23204 --- [main] o.s.o.j.p.SpringPersistenceUnitInfo      : No LoadTimeWeaver setup: ignoring JPA class transformer
2025-05-22T12:47:42.164+03:00  INFO 23204 --- [main] com.zaxxer.hikari.HikariDataSource       : HikariPool-1 - Starting...
2025-05-22T12:47:42.396+03:00  INFO 23204 --- [main] com.zaxxer.hikari.pool.HikariPool        : HikariPool-1 - Added connection org.postgresql.jdbc.PgConnection@72eed547
2025-05-22T12:47:42.398+03:00  INFO 23204 --- [main] com.zaxxer.hikari.HikariDataSource       : HikariPool-1 - Start completed.
2025-05-22T12:47:42.486+03:00  INFO 23204 --- [main] org.hibernate.orm.connections.pooling    : HHH10001005: Database info:
	Database JDBC URL [Connecting through datasource 'HikariDataSource (HikariPool-1)']
	Database driver: undefined/unknown
	Database version: 17.0
	Autocommit mode: undefined/unknown
	Isolation level: undefined/unknown
	Minimum pool size: undefined/unknown
	Maximum pool size: undefined/unknown
2025-05-22T12:47:43.528+03:00  INFO 23204 --- [main] o.h.e.t.j.p.i.JtaPlatformInitiator       : HHH000489: No JTA platform available (set 'hibernate.transaction.jta.platform' to enable JTA platform integration)
2025-05-22T12:47:43.803+03:00  INFO 23204 --- [main] j.LocalContainerEntityManagerFactoryBean : Initialized JPA EntityManagerFactory for persistence unit 'default'
2025-05-22T12:47:44.229+03:00  INFO 23204 --- [main] eAuthenticationProviderManagerConfigurer : Global AuthenticationManager configured with AuthenticationProvider bean with name authenticationProvider
2025-05-22T12:47:44.229+03:00  WARN 23204 --- [main] r$InitializeUserDetailsManagerConfigurer : Global AuthenticationManager configured with an AuthenticationProvider bean. UserDetailsService beans will not be used by Spring Security for automatically configuring username/password login. Consider removing the AuthenticationProvider bean. Alternatively, consider using the UserDetailsService in a manually instantiated DaoAuthenticationProvider. If the current configuration is intentional, to turn off this warning, increase the logging level of 'org.springframework.security.config.annotation.authentication.configuration.InitializeUserDetailsBeanManagerConfigurer' to ERROR
2025-05-22T12:47:44.246+03:00  WARN 23204 --- [main] JpaBaseConfiguration$JpaWebConfiguration : spring.jpa.open-in-view is enabled by default. Therefore, database queries may be performed during view rendering. Explicitly configure spring.jpa.open-in-view to disable this warning
2025-05-22T12:47:44.372+03:00  INFO 23204 --- [main] o.s.b.a.w.s.WelcomePageHandlerMapping    : Adding welcome page: class path resource [static/index.html]
2025-05-22T12:47:44.613+03:00 DEBUG 23204 --- [main] o.s.s.web.DefaultSecurityFilterChain     : Will secure any request with filters: DisableEncodeUrlFilter, WebAsyncManagerIntegrationFilter, SecurityContextHolderFilter, HeaderWriterFilter, LogoutFilter, UsernamePasswordAuthenticationFilter, RequestCacheAwareFilter, SecurityContextHolderAwareRequestFilter, AnonymousAuthenticationFilter, ExceptionTranslationFilter, AuthorizationFilter
2025-05-22T12:47:44.947+03:00  INFO 23204 --- [main] o.s.b.w.embedded.tomcat.TomcatWebServer  : Tomcat started on port 8080 (http) with context path '/'
2025-05-22T12:47:44.959+03:00  INFO 23204 --- [main] c.e.taskmanager.TaskManagerApplication   : Started TaskManagerApplication in 5.354 seconds (process running for 6.199)
2025-05-22T12:48:20.149+03:00  INFO 23204 --- [http-nio-8080-exec-1] o.a.c.c.C.[Tomcat].[localhost].[/]       : Initializing Spring DispatcherServlet 'dispatcherServlet'
2025-05-22T12:48:20.149+03:00  INFO 23204 --- [http-nio-8080-exec-1] o.s.web.servlet.DispatcherServlet        : Initializing Servlet 'dispatcherServlet'
2025-05-22T12:48:20.151+03:00  INFO 23204 --- [http-nio-8080-exec-1] o.s.web.servlet.DispatcherServlet        : Completed initialization in 2 ms
2025-05-22T12:48:20.172+03:00 DEBUG 23204 --- [http-nio-8080-exec-1] o.s.security.web.FilterChainProxy        : Securing GET /login.html
2025-05-22T12:48:20.181+03:00 DEBUG 23204 --- [http-nio-8080-exec-1] o.s.security.web.FilterChainProxy        : Secured GET /login.html
2025-05-22T12:48:20.212+03:00 DEBUG 23204 --- [http-nio-8080-exec-1] o.s.s.w.a.AnonymousAuthenticationFilter  : Set SecurityContextHolder to anonymous SecurityContext
2025-05-22T12:48:20.325+03:00 DEBUG 23204 --- [http-nio-8080-exec-2] o.s.security.web.FilterChainProxy        : Securing GET /css/login.css
2025-05-22T12:48:20.329+03:00 DEBUG 23204 --- [http-nio-8080-exec-2] o.s.security.web.FilterChainProxy        : Secured GET /css/login.css
2025-05-22T12:48:20.331+03:00 DEBUG 23204 --- [http-nio-8080-exec-3] o.s.security.web.FilterChainProxy        : Securing GET /image/logo.svg
2025-05-22T12:48:20.332+03:00 DEBUG 23204 --- [http-nio-8080-exec-3] o.s.security.web.FilterChainProxy        : Secured GET /image/logo.svg
2025-05-22T12:48:20.333+03:00 DEBUG 23204 --- [http-nio-8080-exec-4] o.s.security.web.FilterChainProxy        : Securing GET /image/friends.svg
2025-05-22T12:48:20.333+03:00 DEBUG 23204 --- [http-nio-8080-exec-5] o.s.security.web.FilterChainProxy        : Securing GET /image/profile.svg
2025-05-22T12:48:20.333+03:00 DEBUG 23204 --- [http-nio-8080-exec-4] o.s.security.web.FilterChainProxy        : Secured GET /image/friends.svg
2025-05-22T12:48:20.333+03:00 DEBUG 23204 --- [http-nio-8080-exec-5] o.s.security.web.FilterChainProxy        : Secured GET /image/profile.svg
2025-05-22T12:48:20.338+03:00 DEBUG 23204 --- [http-nio-8080-exec-2] o.s.s.w.a.AnonymousAuthenticationFilter  : Set SecurityContextHolder to anonymous SecurityContext
2025-05-22T12:48:20.357+03:00 DEBUG 23204 --- [http-nio-8080-exec-5] o.s.s.w.a.AnonymousAuthenticationFilter  : Set SecurityContextHolder to anonymous SecurityContext
2025-05-22T12:48:20.360+03:00 DEBUG 23204 --- [http-nio-8080-exec-6] o.s.security.web.FilterChainProxy        : Securing GET /login.html
2025-05-22T12:48:20.358+03:00 DEBUG 23204 --- [http-nio-8080-exec-3] o.s.s.w.a.AnonymousAuthenticationFilter  : Set SecurityContextHolder to anonymous SecurityContext
2025-05-22T12:48:20.362+03:00 DEBUG 23204 --- [http-nio-8080-exec-6] o.s.security.web.FilterChainProxy        : Secured GET /login.html
2025-05-22T12:48:20.373+03:00 DEBUG 23204 --- [http-nio-8080-exec-4] o.s.s.w.a.AnonymousAuthenticationFilter  : Set SecurityContextHolder to anonymous SecurityContext
2025-05-22T12:48:20.377+03:00 DEBUG 23204 --- [http-nio-8080-exec-6] o.s.s.w.a.AnonymousAuthenticationFilter  : Set SecurityContextHolder to anonymous SecurityContext
2025-05-22T12:48:20.399+03:00 DEBUG 23204 --- [http-nio-8080-exec-7] o.s.security.web.FilterChainProxy        : Securing GET /front/fonts/Montserrat-Medium.ttf
2025-05-22T12:48:20.402+03:00 DEBUG 23204 --- [http-nio-8080-exec-8] o.s.security.web.FilterChainProxy        : Securing GET /front/fonts/Montserrat-ExtraLight.ttf
2025-05-22T12:48:20.404+03:00 DEBUG 23204 --- [http-nio-8080-exec-8] o.s.security.web.FilterChainProxy        : Secured GET /front/fonts/Montserrat-ExtraLight.ttf
2025-05-22T12:48:20.403+03:00 DEBUG 23204 --- [http-nio-8080-exec-7] o.s.security.web.FilterChainProxy        : Secured GET /front/fonts/Montserrat-Medium.ttf
2025-05-22T12:48:20.406+03:00 DEBUG 23204 --- [http-nio-8080-exec-9] o.s.security.web.FilterChainProxy        : Securing GET /front/fonts/Montserrat-Regular.ttf
2025-05-22T12:48:20.407+03:00 DEBUG 23204 --- [http-nio-8080-exec-9] o.s.security.web.FilterChainProxy        : Secured GET /front/fonts/Montserrat-Regular.ttf
2025-05-22T12:48:20.464+03:00 DEBUG 23204 --- [http-nio-8080-exec-7] o.s.s.w.a.AnonymousAuthenticationFilter  : Set SecurityContextHolder to anonymous SecurityContext
2025-05-22T12:48:20.464+03:00 DEBUG 23204 --- [http-nio-8080-exec-8] o.s.s.w.a.AnonymousAuthenticationFilter  : Set SecurityContextHolder to anonymous SecurityContext
2025-05-22T12:48:20.465+03:00 DEBUG 23204 --- [http-nio-8080-exec-9] o.s.s.w.a.AnonymousAuthenticationFilter  : Set SecurityContextHolder to anonymous SecurityContext
2025-05-22T12:48:20.497+03:00 DEBUG 23204 --- [http-nio-8080-exec-9] o.s.security.web.FilterChainProxy        : Securing GET /error
2025-05-22T12:48:20.497+03:00 DEBUG 23204 --- [http-nio-8080-exec-7] o.s.security.web.FilterChainProxy        : Securing GET /error
2025-05-22T12:48:20.498+03:00 DEBUG 23204 --- [http-nio-8080-exec-8] o.s.security.web.FilterChainProxy        : Securing GET /error
2025-05-22T12:48:20.499+03:00 DEBUG 23204 --- [http-nio-8080-exec-8] o.s.s.w.a.AnonymousAuthenticationFilter  : Set SecurityContextHolder to anonymous SecurityContext
2025-05-22T12:48:20.498+03:00 DEBUG 23204 --- [http-nio-8080-exec-7] o.s.s.w.a.AnonymousAuthenticationFilter  : Set SecurityContextHolder to anonymous SecurityContext
2025-05-22T12:48:20.499+03:00 DEBUG 23204 --- [http-nio-8080-exec-9] o.s.s.w.a.AnonymousAuthenticationFilter  : Set SecurityContextHolder to anonymous SecurityContext
2025-05-22T12:48:20.543+03:00 DEBUG 23204 --- [http-nio-8080-exec-7] o.s.s.w.s.HttpSessionRequestCache        : Saved request http://localhost:8080/error?continue to session
2025-05-22T12:48:20.543+03:00 DEBUG 23204 --- [http-nio-8080-exec-8] o.s.s.w.s.HttpSessionRequestCache        : Saved request http://localhost:8080/error?continue to session
2025-05-22T12:48:20.543+03:00 DEBUG 23204 --- [http-nio-8080-exec-9] o.s.s.w.s.HttpSessionRequestCache        : Saved request http://localhost:8080/error?continue to session
2025-05-22T12:48:20.547+03:00 DEBUG 23204 --- [http-nio-8080-exec-7] o.s.s.web.DefaultRedirectStrategy        : Redirecting to http://localhost:8080/login.html
2025-05-22T12:48:20.547+03:00 DEBUG 23204 --- [http-nio-8080-exec-9] o.s.s.web.DefaultRedirectStrategy        : Redirecting to http://localhost:8080/login.html
2025-05-22T12:48:20.547+03:00 DEBUG 23204 --- [http-nio-8080-exec-8] o.s.s.web.DefaultRedirectStrategy        : Redirecting to http://localhost:8080/login.html
2025-05-22T12:48:20.574+03:00 DEBUG 23204 --- [http-nio-8080-exec-10] o.s.security.web.FilterChainProxy        : Securing GET /login.html
2025-05-22T12:48:20.575+03:00 DEBUG 23204 --- [http-nio-8080-exec-10] o.s.security.web.FilterChainProxy        : Secured GET /login.html
2025-05-22T12:48:20.583+03:00 DEBUG 23204 --- [http-nio-8080-exec-10] o.s.s.w.a.AnonymousAuthenticationFilter  : Set SecurityContextHolder to anonymous SecurityContext
2025-05-22T12:48:20.591+03:00 DEBUG 23204 --- [http-nio-8080-exec-1] o.s.security.web.FilterChainProxy        : Securing GET /login.html
2025-05-22T12:48:20.596+03:00 DEBUG 23204 --- [http-nio-8080-exec-1] o.s.security.web.FilterChainProxy        : Secured GET /login.html
2025-05-22T12:48:20.618+03:00 DEBUG 23204 --- [http-nio-8080-exec-1] o.s.s.w.a.AnonymousAuthenticationFilter  : Set SecurityContextHolder to anonymous SecurityContext
2025-05-22T12:48:20.626+03:00 DEBUG 23204 --- [http-nio-8080-exec-2] o.s.security.web.FilterChainProxy        : Securing GET /login.html
2025-05-22T12:48:20.630+03:00 DEBUG 23204 --- [http-nio-8080-exec-2] o.s.security.web.FilterChainProxy        : Secured GET /login.html
2025-05-22T12:48:20.638+03:00 DEBUG 23204 --- [http-nio-8080-exec-2] o.s.s.w.a.AnonymousAuthenticationFilter  : Set SecurityContextHolder to anonymous SecurityContext
2025-05-22T12:48:21.818+03:00 DEBUG 23204 --- [http-nio-8080-exec-5] o.s.security.web.FilterChainProxy        : Securing POST /login
2025-05-22T12:48:22.071+03:00 DEBUG 23204 --- [http-nio-8080-exec-5] org.hibernate.SQL                        : 
    select
        u1_0.id,
        u1_0.full_name,
        u1_0.password,
        u1_0.username 
    from
        users u1_0 
    where
        u1_0.username=?
2025-05-22T12:48:22.219+03:00 DEBUG 23204 --- [http-nio-8080-exec-5] o.s.s.a.dao.DaoAuthenticationProvider    : Authenticated user
2025-05-22T12:48:22.220+03:00 DEBUG 23204 --- [http-nio-8080-exec-5] .s.ChangeSessionIdAuthenticationStrategy : Changed session id from 94E00B6C73CA98FB59FD4FA77035BC95
2025-05-22T12:48:22.221+03:00 DEBUG 23204 --- [http-nio-8080-exec-5] w.c.HttpSessionSecurityContextRepository : Stored SecurityContextImpl [Authentication=UsernamePasswordAuthenticationToken [Principal=org.springframework.security.core.userdetails.User [Username=Alia, Password=[PROTECTED], Enabled=true, AccountNonExpired=true, CredentialsNonExpired=true, AccountNonLocked=true, Granted Authorities=[]], Credentials=[PROTECTED], Authenticated=true, Details=WebAuthenticationDetails [RemoteIpAddress=0:0:0:0:0:0:0:1, SessionId=94E00B6C73CA98FB59FD4FA77035BC95], Granted Authorities=[]]] to HttpSession [org.apache.catalina.session.StandardSessionFacade@6a3ff35b]
2025-05-22T12:48:22.222+03:00 DEBUG 23204 --- [http-nio-8080-exec-5] w.a.UsernamePasswordAuthenticationFilter : Set SecurityContextHolder to UsernamePasswordAuthenticationToken [Principal=org.springframework.security.core.userdetails.User [Username=Alia, Password=[PROTECTED], Enabled=true, AccountNonExpired=true, CredentialsNonExpired=true, AccountNonLocked=true, Granted Authorities=[]], Credentials=[PROTECTED], Authenticated=true, Details=WebAuthenticationDetails [RemoteIpAddress=0:0:0:0:0:0:0:1, SessionId=94E00B6C73CA98FB59FD4FA77035BC95], Granted Authorities=[]]
2025-05-22T12:48:22.223+03:00 DEBUG 23204 --- [http-nio-8080-exec-5] o.s.s.web.DefaultRedirectStrategy        : Redirecting to /index.html
2025-05-22T12:48:22.229+03:00 DEBUG 23204 --- [http-nio-8080-exec-9] o.s.security.web.FilterChainProxy        : Securing GET /index.html
2025-05-22T12:48:22.229+03:00 DEBUG 23204 --- [http-nio-8080-exec-9] o.s.security.web.FilterChainProxy        : Secured GET /index.html
2025-05-22T12:48:22.232+03:00 DEBUG 23204 --- [http-nio-8080-exec-9] w.c.HttpSessionSecurityContextRepository : Retrieved SecurityContextImpl [Authentication=UsernamePasswordAuthenticationToken [Principal=org.springframework.security.core.userdetails.User [Username=Alia, Password=[PROTECTED], Enabled=true, AccountNonExpired=true, CredentialsNonExpired=true, AccountNonLocked=true, Granted Authorities=[]], Credentials=[PROTECTED], Authenticated=true, Details=WebAuthenticationDetails [RemoteIpAddress=0:0:0:0:0:0:0:1, SessionId=94E00B6C73CA98FB59FD4FA77035BC95], Granted Authorities=[]]]
2025-05-22T12:48:22.325+03:00 DEBUG 23204 --- [http-nio-8080-exec-8] o.s.security.web.FilterChainProxy        : Securing GET /front/index.css
2025-05-22T12:48:22.326+03:00 DEBUG 23204 --- [http-nio-8080-exec-8] o.s.security.web.FilterChainProxy        : Secured GET /front/index.css
2025-05-22T12:48:22.330+03:00 DEBUG 23204 --- [http-nio-8080-exec-1] o.s.security.web.FilterChainProxy        : Securing GET /front/index__main/profile.svg
2025-05-22T12:48:22.330+03:00 DEBUG 23204 --- [http-nio-8080-exec-10] o.s.security.web.FilterChainProxy        : Securing GET /front/index__main/logo.svg
2025-05-22T12:48:22.331+03:00 DEBUG 23204 --- [http-nio-8080-exec-10] o.s.security.web.FilterChainProxy        : Secured GET /front/index__main/logo.svg
2025-05-22T12:48:22.332+03:00 DEBUG 23204 --- [http-nio-8080-exec-2] o.s.security.web.FilterChainProxy        : Securing GET /front/index__main/friends.svg
2025-05-22T12:48:22.333+03:00 DEBUG 23204 --- [http-nio-8080-exec-2] o.s.security.web.FilterChainProxy        : Secured GET /front/index__main/friends.svg
2025-05-22T12:48:22.331+03:00 DEBUG 23204 --- [http-nio-8080-exec-1] o.s.security.web.FilterChainProxy        : Secured GET /front/index__main/profile.svg
2025-05-22T12:48:22.335+03:00 DEBUG 23204 --- [http-nio-8080-exec-8] w.c.HttpSessionSecurityContextRepository : Retrieved SecurityContextImpl [Authentication=UsernamePasswordAuthenticationToken [Principal=org.springframework.security.core.userdetails.User [Username=Alia, Password=[PROTECTED], Enabled=true, AccountNonExpired=true, CredentialsNonExpired=true, AccountNonLocked=true, Granted Authorities=[]], Credentials=[PROTECTED], Authenticated=true, Details=WebAuthenticationDetails [RemoteIpAddress=0:0:0:0:0:0:0:1, SessionId=94E00B6C73CA98FB59FD4FA77035BC95], Granted Authorities=[]]]
2025-05-22T12:48:22.337+03:00 DEBUG 23204 --- [http-nio-8080-exec-4] o.s.security.web.FilterChainProxy        : Securing GET /front/index__main/compani_log.svg
2025-05-22T12:48:22.338+03:00 DEBUG 23204 --- [http-nio-8080-exec-4] o.s.security.web.FilterChainProxy        : Secured GET /front/index__main/compani_log.svg
2025-05-22T12:48:22.339+03:00 DEBUG 23204 --- [http-nio-8080-exec-2] w.c.HttpSessionSecurityContextRepository : Retrieved SecurityContextImpl [Authentication=UsernamePasswordAuthenticationToken [Principal=org.springframework.security.core.userdetails.User [Username=Alia, Password=[PROTECTED], Enabled=true, AccountNonExpired=true, CredentialsNonExpired=true, AccountNonLocked=true, Granted Authorities=[]], Credentials=[PROTECTED], Authenticated=true, Details=WebAuthenticationDetails [RemoteIpAddress=0:0:0:0:0:0:0:1, SessionId=94E00B6C73CA98FB59FD4FA77035BC95], Granted Authorities=[]]]
2025-05-22T12:48:22.339+03:00 DEBUG 23204 --- [http-nio-8080-exec-7] o.s.security.web.FilterChainProxy        : Securing GET /front/index__main/close.svg
2025-05-22T12:48:22.337+03:00 DEBUG 23204 --- [http-nio-8080-exec-8] o.s.security.web.FilterChainProxy        : Securing GET /error
2025-05-22T12:48:22.340+03:00 DEBUG 23204 --- [http-nio-8080-exec-2] o.s.security.web.FilterChainProxy        : Securing GET /error
2025-05-22T12:48:22.340+03:00 DEBUG 23204 --- [http-nio-8080-exec-7] o.s.security.web.FilterChainProxy        : Secured GET /front/index__main/close.svg
2025-05-22T12:48:22.340+03:00 DEBUG 23204 --- [http-nio-8080-exec-8] w.c.HttpSessionSecurityContextRepository : Retrieved SecurityContextImpl [Authentication=UsernamePasswordAuthenticationToken [Principal=org.springframework.security.core.userdetails.User [Username=Alia, Password=[PROTECTED], Enabled=true, AccountNonExpired=true, CredentialsNonExpired=true, AccountNonLocked=true, Granted Authorities=[]], Credentials=[PROTECTED], Authenticated=true, Details=WebAuthenticationDetails [RemoteIpAddress=0:0:0:0:0:0:0:1, SessionId=94E00B6C73CA98FB59FD4FA77035BC95], Granted Authorities=[]]]
2025-05-22T12:48:22.341+03:00 DEBUG 23204 --- [http-nio-8080-exec-8] o.s.security.web.FilterChainProxy        : Secured GET /error
2025-05-22T12:48:22.341+03:00 DEBUG 23204 --- [http-nio-8080-exec-2] w.c.HttpSessionSecurityContextRepository : Retrieved SecurityContextImpl [Authentication=UsernamePasswordAuthenticationToken [Principal=org.springframework.security.core.userdetails.User [Username=Alia, Password=[PROTECTED], Enabled=true, AccountNonExpired=true, CredentialsNonExpired=true, AccountNonLocked=true, Granted Authorities=[]], Credentials=[PROTECTED], Authenticated=true, Details=WebAuthenticationDetails [RemoteIpAddress=0:0:0:0:0:0:0:1, SessionId=94E00B6C73CA98FB59FD4FA77035BC95], Granted Authorities=[]]]
2025-05-22T12:48:22.341+03:00 DEBUG 23204 --- [http-nio-8080-exec-2] o.s.security.web.FilterChainProxy        : Secured GET /error
2025-05-22T12:48:22.343+03:00 DEBUG 23204 --- [http-nio-8080-exec-1] w.c.HttpSessionSecurityContextRepository : Retrieved SecurityContextImpl [Authentication=UsernamePasswordAuthenticationToken [Principal=org.springframework.security.core.userdetails.User [Username=Alia, Password=[PROTECTED], Enabled=true, AccountNonExpired=true, CredentialsNonExpired=true, AccountNonLocked=true, Granted Authorities=[]], Credentials=[PROTECTED], Authenticated=true, Details=WebAuthenticationDetails [RemoteIpAddress=0:0:0:0:0:0:0:1, SessionId=94E00B6C73CA98FB59FD4FA77035BC95], Granted Authorities=[]]]
2025-05-22T12:48:22.343+03:00 DEBUG 23204 --- [http-nio-8080-exec-10] w.c.HttpSessionSecurityContextRepository : Retrieved SecurityContextImpl [Authentication=UsernamePasswordAuthenticationToken [Principal=org.springframework.security.core.userdetails.User [Username=Alia, Password=[PROTECTED], Enabled=true, AccountNonExpired=true, CredentialsNonExpired=true, AccountNonLocked=true, Granted Authorities=[]], Credentials=[PROTECTED], Authenticated=true, Details=WebAuthenticationDetails [RemoteIpAddress=0:0:0:0:0:0:0:1, SessionId=94E00B6C73CA98FB59FD4FA77035BC95], Granted Authorities=[]]]
2025-05-22T12:48:22.345+03:00 DEBUG 23204 --- [http-nio-8080-exec-1] o.s.security.web.FilterChainProxy        : Securing GET /error
2025-05-22T12:48:22.345+03:00 DEBUG 23204 --- [http-nio-8080-exec-1] w.c.HttpSessionSecurityContextRepository : Retrieved SecurityContextImpl [Authentication=UsernamePasswordAuthenticationToken [Principal=org.springframework.security.core.userdetails.User [Username=Alia, Password=[PROTECTED], Enabled=true, AccountNonExpired=true, CredentialsNonExpired=true, AccountNonLocked=true, Granted Authorities=[]], Credentials=[PROTECTED], Authenticated=true, Details=WebAuthenticationDetails [RemoteIpAddress=0:0:0:0:0:0:0:1, SessionId=94E00B6C73CA98FB59FD4FA77035BC95], Granted Authorities=[]]]
2025-05-22T12:48:22.345+03:00 DEBUG 23204 --- [http-nio-8080-exec-4] w.c.HttpSessionSecurityContextRepository : Retrieved SecurityContextImpl [Authentication=UsernamePasswordAuthenticationToken [Principal=org.springframework.security.core.userdetails.User [Username=Alia, Password=[PROTECTED], Enabled=true, AccountNonExpired=true, CredentialsNonExpired=true, AccountNonLocked=true, Granted Authorities=[]], Credentials=[PROTECTED], Authenticated=true, Details=WebAuthenticationDetails [RemoteIpAddress=0:0:0:0:0:0:0:1, SessionId=94E00B6C73CA98FB59FD4FA77035BC95], Granted Authorities=[]]]
2025-05-22T12:48:22.345+03:00 DEBUG 23204 --- [http-nio-8080-exec-1] o.s.security.web.FilterChainProxy        : Secured GET /error
2025-05-22T12:48:22.347+03:00 DEBUG 23204 --- [http-nio-8080-exec-4] o.s.security.web.FilterChainProxy        : Securing GET /error
2025-05-22T12:48:22.348+03:00 DEBUG 23204 --- [http-nio-8080-exec-4] w.c.HttpSessionSecurityContextRepository : Retrieved SecurityContextImpl [Authentication=UsernamePasswordAuthenticationToken [Principal=org.springframework.security.core.userdetails.User [Username=Alia, Password=[PROTECTED], Enabled=true, AccountNonExpired=true, CredentialsNonExpired=true, AccountNonLocked=true, Granted Authorities=[]], Credentials=[PROTECTED], Authenticated=true, Details=WebAuthenticationDetails [RemoteIpAddress=0:0:0:0:0:0:0:1, SessionId=94E00B6C73CA98FB59FD4FA77035BC95], Granted Authorities=[]]]
2025-05-22T12:48:22.349+03:00 DEBUG 23204 --- [http-nio-8080-exec-10] o.s.security.web.FilterChainProxy        : Securing GET /error
2025-05-22T12:48:22.345+03:00 DEBUG 23204 --- [http-nio-8080-exec-7] w.c.HttpSessionSecurityContextRepository : Retrieved SecurityContextImpl [Authentication=UsernamePasswordAuthenticationToken [Principal=org.springframework.security.core.userdetails.User [Username=Alia, Password=[PROTECTED], Enabled=true, AccountNonExpired=true, CredentialsNonExpired=true, AccountNonLocked=true, Granted Authorities=[]], Credentials=[PROTECTED], Authenticated=true, Details=WebAuthenticationDetails [RemoteIpAddress=0:0:0:0:0:0:0:1, SessionId=94E00B6C73CA98FB59FD4FA77035BC95], Granted Authorities=[]]]
2025-05-22T12:48:22.349+03:00 DEBUG 23204 --- [http-nio-8080-exec-4] o.s.security.web.FilterChainProxy        : Secured GET /error
2025-05-22T12:48:22.349+03:00 DEBUG 23204 --- [http-nio-8080-exec-10] w.c.HttpSessionSecurityContextRepository : Retrieved SecurityContextImpl [Authentication=UsernamePasswordAuthenticationToken [Principal=org.springframework.security.core.userdetails.User [Username=Alia, Password=[PROTECTED], Enabled=true, AccountNonExpired=true, CredentialsNonExpired=true, AccountNonLocked=true, Granted Authorities=[]], Credentials=[PROTECTED], Authenticated=true, Details=WebAuthenticationDetails [RemoteIpAddress=0:0:0:0:0:0:0:1, SessionId=94E00B6C73CA98FB59FD4FA77035BC95], Granted Authorities=[]]]
2025-05-22T12:48:22.349+03:00 DEBUG 23204 --- [http-nio-8080-exec-10] o.s.security.web.FilterChainProxy        : Secured GET /error
2025-05-22T12:48:22.350+03:00 DEBUG 23204 --- [http-nio-8080-exec-7] o.s.security.web.FilterChainProxy        : Securing GET /error
2025-05-22T12:48:22.350+03:00 DEBUG 23204 --- [http-nio-8080-exec-7] w.c.HttpSessionSecurityContextRepository : Retrieved SecurityContextImpl [Authentication=UsernamePasswordAuthenticationToken [Principal=org.springframework.security.core.userdetails.User [Username=Alia, Password=[PROTECTED], Enabled=true, AccountNonExpired=true, CredentialsNonExpired=true, AccountNonLocked=true, Granted Authorities=[]], Credentials=[PROTECTED], Authenticated=true, Details=WebAuthenticationDetails [RemoteIpAddress=0:0:0:0:0:0:0:1, SessionId=94E00B6C73CA98FB59FD4FA77035BC95], Granted Authorities=[]]]
2025-05-22T12:48:22.351+03:00 DEBUG 23204 --- [http-nio-8080-exec-7] o.s.security.web.FilterChainProxy        : Secured GET /error
2025-05-22T12:48:22.502+03:00 DEBUG 23204 --- [http-nio-8080-exec-3] o.s.security.web.FilterChainProxy        : Securing GET /front/skript.js
2025-05-22T12:48:22.503+03:00 DEBUG 23204 --- [http-nio-8080-exec-3] o.s.security.web.FilterChainProxy        : Secured GET /front/skript.js
2025-05-22T12:48:22.506+03:00 DEBUG 23204 --- [http-nio-8080-exec-3] w.c.HttpSessionSecurityContextRepository : Retrieved SecurityContextImpl [Authentication=UsernamePasswordAuthenticationToken [Principal=org.springframework.security.core.userdetails.User [Username=Alia, Password=[PROTECTED], Enabled=true, AccountNonExpired=true, CredentialsNonExpired=true, AccountNonLocked=true, Granted Authorities=[]], Credentials=[PROTECTED], Authenticated=true, Details=WebAuthenticationDetails [RemoteIpAddress=0:0:0:0:0:0:0:1, SessionId=94E00B6C73CA98FB59FD4FA77035BC95], Granted Authorities=[]]]
2025-05-22T12:48:22.510+03:00 DEBUG 23204 --- [http-nio-8080-exec-3] o.s.security.web.FilterChainProxy        : Securing GET /error
2025-05-22T12:48:22.510+03:00 DEBUG 23204 --- [http-nio-8080-exec-3] w.c.HttpSessionSecurityContextRepository : Retrieved SecurityContextImpl [Authentication=UsernamePasswordAuthenticationToken [Principal=org.springframework.security.core.userdetails.User [Username=Alia, Password=[PROTECTED], Enabled=true, AccountNonExpired=true, CredentialsNonExpired=true, AccountNonLocked=true, Granted Authorities=[]], Credentials=[PROTECTED], Authenticated=true, Details=WebAuthenticationDetails [RemoteIpAddress=0:0:0:0:0:0:0:1, SessionId=94E00B6C73CA98FB59FD4FA77035BC95], Granted Authorities=[]]]
2025-05-22T12:48:22.511+03:00 DEBUG 23204 --- [http-nio-8080-exec-3] o.s.security.web.FilterChainProxy        : Secured GET /error
2025-05-22T12:48:22.540+03:00 DEBUG 23204 --- [http-nio-8080-exec-6] o.s.security.web.FilterChainProxy        : Securing GET /index.html
2025-05-22T12:48:22.541+03:00 DEBUG 23204 --- [http-nio-8080-exec-6] o.s.security.web.FilterChainProxy        : Secured GET /index.html
2025-05-22T12:48:22.553+03:00 DEBUG 23204 --- [http-nio-8080-exec-6] w.c.HttpSessionSecurityContextRepository : Retrieved SecurityContextImpl [Authentication=UsernamePasswordAuthenticationToken [Principal=org.springframework.security.core.userdetails.User [Username=Alia, Password=[PROTECTED], Enabled=true, AccountNonExpired=true, CredentialsNonExpired=true, AccountNonLocked=true, Granted Authorities=[]], Credentials=[PROTECTED], Authenticated=true, Details=WebAuthenticationDetails [RemoteIpAddress=0:0:0:0:0:0:0:1, SessionId=94E00B6C73CA98FB59FD4FA77035BC95], Granted Authorities=[]]]
2025-05-22T12:50:51.389+03:00 DEBUG 23204 --- [http-nio-8080-exec-7] o.s.security.web.FilterChainProxy        : Securing GET /index.html
2025-05-22T12:50:51.397+03:00 DEBUG 23204 --- [http-nio-8080-exec-7] o.s.security.web.FilterChainProxy        : Secured GET /index.html
2025-05-22T12:50:51.423+03:00 DEBUG 23204 --- [http-nio-8080-exec-7] w.c.HttpSessionSecurityContextRepository : Retrieved SecurityContextImpl [Authentication=UsernamePasswordAuthenticationToken [Principal=org.springframework.security.core.userdetails.User [Username=Alia, Password=[PROTECTED], Enabled=true, AccountNonExpired=true, CredentialsNonExpired=true, AccountNonLocked=true, Granted Authorities=[]], Credentials=[PROTECTED], Authenticated=true, Details=WebAuthenticationDetails [RemoteIpAddress=0:0:0:0:0:0:0:1, SessionId=94E00B6C73CA98FB59FD4FA77035BC95], Granted Authorities=[]]]
2025-05-22T12:50:51.512+03:00 DEBUG 23204 --- [http-nio-8080-exec-3] o.s.security.web.FilterChainProxy        : Securing GET /front/index.css
2025-05-22T12:50:51.513+03:00 DEBUG 23204 --- [http-nio-8080-exec-3] o.s.security.web.FilterChainProxy        : Secured GET /front/index.css
2025-05-22T12:50:51.515+03:00 DEBUG 23204 --- [http-nio-8080-exec-6] o.s.security.web.FilterChainProxy        : Securing GET /front/index__main/logo.svg
2025-05-22T12:50:51.516+03:00 DEBUG 23204 --- [http-nio-8080-exec-6] o.s.security.web.FilterChainProxy        : Secured GET /front/index__main/logo.svg
2025-05-22T12:50:51.520+03:00 DEBUG 23204 --- [http-nio-8080-exec-1] o.s.security.web.FilterChainProxy        : Securing GET /front/index__main/friends.svg
2025-05-22T12:50:51.520+03:00 DEBUG 23204 --- [http-nio-8080-exec-5] o.s.security.web.FilterChainProxy        : Securing GET /front/index__main/profile.svg
2025-05-22T12:50:51.520+03:00 DEBUG 23204 --- [http-nio-8080-exec-5] o.s.security.web.FilterChainProxy        : Secured GET /front/index__main/profile.svg
2025-05-22T12:50:51.520+03:00 DEBUG 23204 --- [http-nio-8080-exec-1] o.s.security.web.FilterChainProxy        : Secured GET /front/index__main/friends.svg
2025-05-22T12:50:51.521+03:00 DEBUG 23204 --- [http-nio-8080-exec-9] o.s.security.web.FilterChainProxy        : Securing GET /front/index__main/compani_log.svg
2025-05-22T12:50:51.522+03:00 DEBUG 23204 --- [http-nio-8080-exec-9] o.s.security.web.FilterChainProxy        : Secured GET /front/index__main/compani_log.svg
2025-05-22T12:50:51.524+03:00 DEBUG 23204 --- [http-nio-8080-exec-8] o.s.security.web.FilterChainProxy        : Securing GET /front/index__main/close.svg
2025-05-22T12:50:51.524+03:00 DEBUG 23204 --- [http-nio-8080-exec-8] o.s.security.web.FilterChainProxy        : Secured GET /front/index__main/close.svg
2025-05-22T12:50:51.535+03:00 DEBUG 23204 --- [http-nio-8080-exec-6] w.c.HttpSessionSecurityContextRepository : Retrieved SecurityContextImpl [Authentication=UsernamePasswordAuthenticationToken [Principal=org.springframework.security.core.userdetails.User [Username=Alia, Password=[PROTECTED], Enabled=true, AccountNonExpired=true, CredentialsNonExpired=true, AccountNonLocked=true, Granted Authorities=[]], Credentials=[PROTECTED], Authenticated=true, Details=WebAuthenticationDetails [RemoteIpAddress=0:0:0:0:0:0:0:1, SessionId=94E00B6C73CA98FB59FD4FA77035BC95], Granted Authorities=[]]]
2025-05-22T12:50:51.535+03:00 DEBUG 23204 --- [http-nio-8080-exec-5] w.c.HttpSessionSecurityContextRepository : Retrieved SecurityContextImpl [Authentication=UsernamePasswordAuthenticationToken [Principal=org.springframework.security.core.userdetails.User [Username=Alia, Password=[PROTECTED], Enabled=true, AccountNonExpired=true, CredentialsNonExpired=true, AccountNonLocked=true, Granted Authorities=[]], Credentials=[PROTECTED], Authenticated=true, Details=WebAuthenticationDetails [RemoteIpAddress=0:0:0:0:0:0:0:1, SessionId=94E00B6C73CA98FB59FD4FA77035BC95], Granted Authorities=[]]]
2025-05-22T12:50:51.535+03:00 DEBUG 23204 --- [http-nio-8080-exec-3] w.c.HttpSessionSecurityContextRepository : Retrieved SecurityContextImpl [Authentication=UsernamePasswordAuthenticationToken [Principal=org.springframework.security.core.userdetails.User [Username=Alia, Password=[PROTECTED], Enabled=true, AccountNonExpired=true, CredentialsNonExpired=true, AccountNonLocked=true, Granted Authorities=[]], Credentials=[PROTECTED], Authenticated=true, Details=WebAuthenticationDetails [RemoteIpAddress=0:0:0:0:0:0:0:1, SessionId=94E00B6C73CA98FB59FD4FA77035BC95], Granted Authorities=[]]]
2025-05-22T12:50:51.535+03:00 DEBUG 23204 --- [http-nio-8080-exec-9] w.c.HttpSessionSecurityContextRepository : Retrieved SecurityContextImpl [Authentication=UsernamePasswordAuthenticationToken [Principal=org.springframework.security.core.userdetails.User [Username=Alia, Password=[PROTECTED], Enabled=true, AccountNonExpired=true, CredentialsNonExpired=true, AccountNonLocked=true, Granted Authorities=[]], Credentials=[PROTECTED], Authenticated=true, Details=WebAuthenticationDetails [RemoteIpAddress=0:0:0:0:0:0:0:1, SessionId=94E00B6C73CA98FB59FD4FA77035BC95], Granted Authorities=[]]]
2025-05-22T12:50:51.535+03:00 DEBUG 23204 --- [http-nio-8080-exec-1] w.c.HttpSessionSecurityContextRepository : Retrieved SecurityContextImpl [Authentication=UsernamePasswordAuthenticationToken [Principal=org.springframework.security.core.userdetails.User [Username=Alia, Password=[PROTECTED], Enabled=true, AccountNonExpired=true, CredentialsNonExpired=true, AccountNonLocked=true, Granted Authorities=[]], Credentials=[PROTECTED], Authenticated=true, Details=WebAuthenticationDetails [RemoteIpAddress=0:0:0:0:0:0:0:1, SessionId=94E00B6C73CA98FB59FD4FA77035BC95], Granted Authorities=[]]]
2025-05-22T12:50:51.535+03:00 DEBUG 23204 --- [http-nio-8080-exec-8] w.c.HttpSessionSecurityContextRepository : Retrieved SecurityContextImpl [Authentication=UsernamePasswordAuthenticationToken [Principal=org.springframework.security.core.userdetails.User [Username=Alia, Password=[PROTECTED], Enabled=true, AccountNonExpired=true, CredentialsNonExpired=true, AccountNonLocked=true, Granted Authorities=[]], Credentials=[PROTECTED], Authenticated=true, Details=WebAuthenticationDetails [RemoteIpAddress=0:0:0:0:0:0:0:1, SessionId=94E00B6C73CA98FB59FD4FA77035BC95], Granted Authorities=[]]]
2025-05-22T12:50:51.538+03:00 DEBUG 23204 --- [http-nio-8080-exec-9] o.s.security.web.FilterChainProxy        : Securing GET /error
2025-05-22T12:50:51.537+03:00 DEBUG 23204 --- [http-nio-8080-exec-6] o.s.security.web.FilterChainProxy        : Securing GET /error
2025-05-22T12:50:51.537+03:00 DEBUG 23204 --- [http-nio-8080-exec-3] o.s.security.web.FilterChainProxy        : Securing GET /error
2025-05-22T12:50:51.539+03:00 DEBUG 23204 --- [http-nio-8080-exec-6] w.c.HttpSessionSecurityContextRepository : Retrieved SecurityContextImpl [Authentication=UsernamePasswordAuthenticationToken [Principal=org.springframework.security.core.userdetails.User [Username=Alia, Password=[PROTECTED], Enabled=true, AccountNonExpired=true, CredentialsNonExpired=true, AccountNonLocked=true, Granted Authorities=[]], Credentials=[PROTECTED], Authenticated=true, Details=WebAuthenticationDetails [RemoteIpAddress=0:0:0:0:0:0:0:1, SessionId=94E00B6C73CA98FB59FD4FA77035BC95], Granted Authorities=[]]]
2025-05-22T12:50:51.540+03:00 DEBUG 23204 --- [http-nio-8080-exec-1] o.s.security.web.FilterChainProxy        : Securing GET /error
2025-05-22T12:50:51.541+03:00 DEBUG 23204 --- [http-nio-8080-exec-5] o.s.security.web.FilterChainProxy        : Securing GET /error
2025-05-22T12:50:51.541+03:00 DEBUG 23204 --- [http-nio-8080-exec-6] o.s.security.web.FilterChainProxy        : Secured GET /error
2025-05-22T12:50:51.542+03:00 DEBUG 23204 --- [http-nio-8080-exec-3] w.c.HttpSessionSecurityContextRepository : Retrieved SecurityContextImpl [Authentication=UsernamePasswordAuthenticationToken [Principal=org.springframework.security.core.userdetails.User [Username=Alia, Password=[PROTECTED], Enabled=true, AccountNonExpired=true, CredentialsNonExpired=true, AccountNonLocked=true, Granted Authorities=[]], Credentials=[PROTECTED], Authenticated=true, Details=WebAuthenticationDetails [RemoteIpAddress=0:0:0:0:0:0:0:1, SessionId=94E00B6C73CA98FB59FD4FA77035BC95], Granted Authorities=[]]]
2025-05-22T12:50:51.542+03:00 DEBUG 23204 --- [http-nio-8080-exec-8] o.s.security.web.FilterChainProxy        : Securing GET /error
2025-05-22T12:50:51.542+03:00 DEBUG 23204 --- [http-nio-8080-exec-3] o.s.security.web.FilterChainProxy        : Secured GET /error
2025-05-22T12:50:51.542+03:00 DEBUG 23204 --- [http-nio-8080-exec-8] w.c.HttpSessionSecurityContextRepository : Retrieved SecurityContextImpl [Authentication=UsernamePasswordAuthenticationToken [Principal=org.springframework.security.core.userdetails.User [Username=Alia, Password=[PROTECTED], Enabled=true, AccountNonExpired=true, CredentialsNonExpired=true, AccountNonLocked=true, Granted Authorities=[]], Credentials=[PROTECTED], Authenticated=true, Details=WebAuthenticationDetails [RemoteIpAddress=0:0:0:0:0:0:0:1, SessionId=94E00B6C73CA98FB59FD4FA77035BC95], Granted Authorities=[]]]
2025-05-22T12:50:51.543+03:00 DEBUG 23204 --- [http-nio-8080-exec-8] o.s.security.web.FilterChainProxy        : Secured GET /error
2025-05-22T12:50:51.542+03:00 DEBUG 23204 --- [http-nio-8080-exec-5] w.c.HttpSessionSecurityContextRepository : Retrieved SecurityContextImpl [Authentication=UsernamePasswordAuthenticationToken [Principal=org.springframework.security.core.userdetails.User [Username=Alia, Password=[PROTECTED], Enabled=true, AccountNonExpired=true, CredentialsNonExpired=true, AccountNonLocked=true, Granted Authorities=[]], Credentials=[PROTECTED], Authenticated=true, Details=WebAuthenticationDetails [RemoteIpAddress=0:0:0:0:0:0:0:1, SessionId=94E00B6C73CA98FB59FD4FA77035BC95], Granted Authorities=[]]]
2025-05-22T12:50:51.545+03:00 DEBUG 23204 --- [http-nio-8080-exec-5] o.s.security.web.FilterChainProxy        : Secured GET /error
2025-05-22T12:50:51.539+03:00 DEBUG 23204 --- [http-nio-8080-exec-9] w.c.HttpSessionSecurityContextRepository : Retrieved SecurityContextImpl [Authentication=UsernamePasswordAuthenticationToken [Principal=org.springframework.security.core.userdetails.User [Username=Alia, Password=[PROTECTED], Enabled=true, AccountNonExpired=true, CredentialsNonExpired=true, AccountNonLocked=true, Granted Authorities=[]], Credentials=[PROTECTED], Authenticated=true, Details=WebAuthenticationDetails [RemoteIpAddress=0:0:0:0:0:0:0:1, SessionId=94E00B6C73CA98FB59FD4FA77035BC95], Granted Authorities=[]]]
2025-05-22T12:50:51.545+03:00 DEBUG 23204 --- [http-nio-8080-exec-9] o.s.security.web.FilterChainProxy        : Secured GET /error
2025-05-22T12:50:51.542+03:00 DEBUG 23204 --- [http-nio-8080-exec-1] w.c.HttpSessionSecurityContextRepository : Retrieved SecurityContextImpl [Authentication=UsernamePasswordAuthenticationToken [Principal=org.springframework.security.core.userdetails.User [Username=Alia, Password=[PROTECTED], Enabled=true, AccountNonExpired=true, CredentialsNonExpired=true, AccountNonLocked=true, Granted Authorities=[]], Credentials=[PROTECTED], Authenticated=true, Details=WebAuthenticationDetails [RemoteIpAddress=0:0:0:0:0:0:0:1, SessionId=94E00B6C73CA98FB59FD4FA77035BC95], Granted Authorities=[]]]
2025-05-22T12:50:51.547+03:00 DEBUG 23204 --- [http-nio-8080-exec-1] o.s.security.web.FilterChainProxy        : Secured GET /error
2025-05-22T12:50:51.578+03:00 DEBUG 23204 --- [http-nio-8080-exec-4] o.s.security.web.FilterChainProxy        : Securing GET /front/skript.js
2025-05-22T12:50:51.579+03:00 DEBUG 23204 --- [http-nio-8080-exec-4] o.s.security.web.FilterChainProxy        : Secured GET /front/skript.js
2025-05-22T12:50:51.587+03:00 DEBUG 23204 --- [http-nio-8080-exec-4] w.c.HttpSessionSecurityContextRepository : Retrieved SecurityContextImpl [Authentication=UsernamePasswordAuthenticationToken [Principal=org.springframework.security.core.userdetails.User [Username=Alia, Password=[PROTECTED], Enabled=true, AccountNonExpired=true, CredentialsNonExpired=true, AccountNonLocked=true, Granted Authorities=[]], Credentials=[PROTECTED], Authenticated=true, Details=WebAuthenticationDetails [RemoteIpAddress=0:0:0:0:0:0:0:1, SessionId=94E00B6C73CA98FB59FD4FA77035BC95], Granted Authorities=[]]]
2025-05-22T12:50:51.588+03:00 DEBUG 23204 --- [http-nio-8080-exec-4] o.s.security.web.FilterChainProxy        : Securing GET /error
2025-05-22T12:50:51.589+03:00 DEBUG 23204 --- [http-nio-8080-exec-4] w.c.HttpSessionSecurityContextRepository : Retrieved SecurityContextImpl [Authentication=UsernamePasswordAuthenticationToken [Principal=org.springframework.security.core.userdetails.User [Username=Alia, Password=[PROTECTED], Enabled=true, AccountNonExpired=true, CredentialsNonExpired=true, AccountNonLocked=true, Granted Authorities=[]], Credentials=[PROTECTED], Authenticated=true, Details=WebAuthenticationDetails [RemoteIpAddress=0:0:0:0:0:0:0:1, SessionId=94E00B6C73CA98FB59FD4FA77035BC95], Granted Authorities=[]]]
2025-05-22T12:50:51.590+03:00 DEBUG 23204 --- [http-nio-8080-exec-4] o.s.security.web.FilterChainProxy        : Secured GET /error
2025-05-22T12:50:51.637+03:00 DEBUG 23204 --- [http-nio-8080-exec-10] o.s.security.web.FilterChainProxy        : Securing GET /index.html
2025-05-22T12:50:51.638+03:00 DEBUG 23204 --- [http-nio-8080-exec-10] o.s.security.web.FilterChainProxy        : Secured GET /index.html
2025-05-22T12:50:51.646+03:00 DEBUG 23204 --- [http-nio-8080-exec-10] w.c.HttpSessionSecurityContextRepository : Retrieved SecurityContextImpl [Authentication=UsernamePasswordAuthenticationToken [Principal=org.springframework.security.core.userdetails.User [Username=Alia, Password=[PROTECTED], Enabled=true, AccountNonExpired=true, CredentialsNonExpired=true, AccountNonLocked=true, Granted Authorities=[]], Credentials=[PROTECTED], Authenticated=true, Details=WebAuthenticationDetails [RemoteIpAddress=0:0:0:0:0:0:0:1, SessionId=94E00B6C73CA98FB59FD4FA77035BC95], Granted Authorities=[]]]
2025-05-22T12:50:57.788+03:00  INFO 23204 --- [SpringApplicationShutdownHook] o.s.b.w.e.tomcat.GracefulShutdown        : Commencing graceful shutdown. Waiting for active requests to complete
2025-05-22T12:50:57.807+03:00  INFO 23204 --- [tomcat-shutdown] o.s.b.w.e.tomcat.GracefulShutdown        : Graceful shutdown complete
2025-05-22T12:50:57.817+03:00  INFO 23204 --- [SpringApplicationShutdownHook] j.LocalContainerEntityManagerFactoryBean : Closing JPA EntityManagerFactory for persistence unit 'default'
2025-05-22T12:50:57.829+03:00  INFO 23204 --- [SpringApplicationShutdownHook] com.zaxxer.hikari.HikariDataSource       : HikariPool-1 - Shutdown initiated...
2025-05-22T12:50:57.837+03:00  INFO 23204 --- [SpringApplicationShutdownHook] com.zaxxer.hikari.HikariDataSource       : HikariPool-1 - Shutdown completed.
2025-05-22T12:51:00.599+03:00  INFO 19508 --- [main] c.e.taskmanager.TaskManagerApplication   : Starting TaskManagerApplication using Java 23.0.1 with PID 19508 (C:\Users\neko1\IdeaProjects\un-practice\target\classes started by neko1 in C:\Users\neko1\IdeaProjects\un-practice)
2025-05-22T12:51:00.602+03:00  INFO 19508 --- [main] c.e.taskmanager.TaskManagerApplication   : No active profile set, falling back to 1 default profile: "default"
2025-05-22T12:51:01.255+03:00  INFO 19508 --- [main] .s.d.r.c.RepositoryConfigurationDelegate : Bootstrapping Spring Data JPA repositories in DEFAULT mode.
2025-05-22T12:51:01.307+03:00  INFO 19508 --- [main] .s.d.r.c.RepositoryConfigurationDelegate : Finished Spring Data repository scanning in 45 ms. Found 2 JPA repository interfaces.
2025-05-22T12:51:01.774+03:00  INFO 19508 --- [main] o.s.b.w.embedded.tomcat.TomcatWebServer  : Tomcat initialized with port 8080 (http)
2025-05-22T12:51:01.793+03:00  INFO 19508 --- [main] o.apache.catalina.core.StandardService   : Starting service [Tomcat]
2025-05-22T12:51:01.793+03:00  INFO 19508 --- [main] o.apache.catalina.core.StandardEngine    : Starting Servlet engine: [Apache Tomcat/10.1.40]
2025-05-22T12:51:01.840+03:00  INFO 19508 --- [main] o.a.c.c.C.[Tomcat].[localhost].[/]       : Initializing Spring embedded WebApplicationContext
2025-05-22T12:51:01.841+03:00  INFO 19508 --- [main] w.s.c.ServletWebServerApplicationContext : Root WebApplicationContext: initialization completed in 1196 ms
2025-05-22T12:51:01.985+03:00  INFO 19508 --- [main] o.hibernate.jpa.internal.util.LogHelper  : HHH000204: Processing PersistenceUnitInfo [name: default]
2025-05-22T12:51:02.057+03:00  INFO 19508 --- [main] org.hibernate.Version                    : HHH000412: Hibernate ORM core version 6.6.13.Final
2025-05-22T12:51:02.089+03:00  INFO 19508 --- [main] o.h.c.internal.RegionFactoryInitiator    : HHH000026: Second-level cache disabled
2025-05-22T12:51:02.359+03:00  INFO 19508 --- [main] o.s.o.j.p.SpringPersistenceUnitInfo      : No LoadTimeWeaver setup: ignoring JPA class transformer
2025-05-22T12:51:02.387+03:00  INFO 19508 --- [main] com.zaxxer.hikari.HikariDataSource       : HikariPool-1 - Starting...
2025-05-22T12:51:02.569+03:00  INFO 19508 --- [main] com.zaxxer.hikari.pool.HikariPool        : HikariPool-1 - Added connection org.postgresql.jdbc.PgConnection@6fef75c6
2025-05-22T12:51:02.571+03:00  INFO 19508 --- [main] com.zaxxer.hikari.HikariDataSource       : HikariPool-1 - Start completed.
2025-05-22T12:51:02.643+03:00  INFO 19508 --- [main] org.hibernate.orm.connections.pooling    : HHH10001005: Database info:
	Database JDBC URL [Connecting through datasource 'HikariDataSource (HikariPool-1)']
	Database driver: undefined/unknown
	Database version: 17.0
	Autocommit mode: undefined/unknown
	Isolation level: undefined/unknown
	Minimum pool size: undefined/unknown
	Maximum pool size: undefined/unknown
2025-05-22T12:51:03.561+03:00  INFO 19508 --- [main] o.h.e.t.j.p.i.JtaPlatformInitiator       : HHH000489: No JTA platform available (set 'hibernate.transaction.jta.platform' to enable JTA platform integration)
2025-05-22T12:51:03.788+03:00  INFO 19508 --- [main] j.LocalContainerEntityManagerFactoryBean : Initialized JPA EntityManagerFactory for persistence unit 'default'
2025-05-22T12:51:04.107+03:00  INFO 19508 --- [main] eAuthenticationProviderManagerConfigurer : Global AuthenticationManager configured with AuthenticationProvider bean with name authenticationProvider
2025-05-22T12:51:04.107+03:00  WARN 19508 --- [main] r$InitializeUserDetailsManagerConfigurer : Global AuthenticationManager configured with an AuthenticationProvider bean. UserDetailsService beans will not be used by Spring Security for automatically configuring username/password login. Consider removing the AuthenticationProvider bean. Alternatively, consider using the UserDetailsService in a manually instantiated DaoAuthenticationProvider. If the current configuration is intentional, to turn off this warning, increase the logging level of 'org.springframework.security.config.annotation.authentication.configuration.InitializeUserDetailsBeanManagerConfigurer' to ERROR
2025-05-22T12:51:04.124+03:00  WARN 19508 --- [main] JpaBaseConfiguration$JpaWebConfiguration : spring.jpa.open-in-view is enabled by default. Therefore, database queries may be performed during view rendering. Explicitly configure spring.jpa.open-in-view to disable this warning
2025-05-22T12:51:04.203+03:00  INFO 19508 --- [main] o.s.b.a.w.s.WelcomePageHandlerMapping    : Adding welcome page: class path resource [static/index.html]
2025-05-22T12:51:04.361+03:00 DEBUG 19508 --- [main] o.s.s.web.DefaultSecurityFilterChain     : Will secure any request with filters: DisableEncodeUrlFilter, WebAsyncManagerIntegrationFilter, SecurityContextHolderFilter, HeaderWriterFilter, LogoutFilter, UsernamePasswordAuthenticationFilter, RequestCacheAwareFilter, SecurityContextHolderAwareRequestFilter, AnonymousAuthenticationFilter, ExceptionTranslationFilter, AuthorizationFilter
2025-05-22T12:51:04.578+03:00  INFO 19508 --- [main] o.s.b.w.embedded.tomcat.TomcatWebServer  : Tomcat started on port 8080 (http) with context path '/'
2025-05-22T12:51:04.584+03:00  INFO 19508 --- [main] c.e.taskmanager.TaskManagerApplication   : Started TaskManagerApplication in 4.477 seconds (process running for 5.324)
